{
  "issue_id": 10817,
  "issue_url": "https://github.com/checkstyle/checkstyle/issues/10817",
  "title": "NPE in IllegalTypeCheck when checking a record (Java 14)",
  "description_text": "Hello,\r\n\r\nhttps://checkstyle.org/config_coding.html#IllegalType\r\n\r\nI'm trying JDK 16 with language-level 16 I've run into an NPE. I've discovered this on Checkstyle 9.0, but the same problem is still unresolved on the `master` branch.\r\n\r\nSince the build is configured to run on `1.8`, I had to modify the source+target language to allow for the reproducer test-case, which I've prepared here: https://github.com/fprochazka/checkstyle/commit/0e18223a4fd8e91cb3264fd970573f0e6e1c0a5d, it's probably not ideal, but IMHO it should pass a verifiable reproducer.\r\n\r\nif you run the `IllegalTypeCheckTest` from my commit, you'll see the following errors: \r\n\r\n<details>\r\n <summary>InputIllegalTypeTestRecordsPass fail</summary>\r\n\r\n```\r\ncom.puppycrawl.tools.checkstyle.api.CheckstyleException: Exception was thrown while processing /home/fprochazka/devel/libs/checkstyle/checkstyle/src/test/resources/com/puppycrawl/tools/checkstyle/checks/coding/illegaltype/InputIllegalTypeTestRecordsPass.java\r\n\r\n\tat com.puppycrawl.tools.checkstyle.Checker.processFiles(Checker.java:302)\r\n\tat com.puppycrawl.tools.checkstyle.Checker.process(Checker.java:221)\r\n\tat com.puppycrawl.tools.checkstyle.AbstractModuleTestSupport.getActualViolationsForFile(AbstractModuleTestSupport.java:442)\r\n\tat com.puppycrawl.tools.checkstyle.AbstractModuleTestSupport.verifyViolations(AbstractModuleTestSupport.java:416)\r\n\tat com.puppycrawl.tools.checkstyle.AbstractModuleTestSupport.verifyWithInlineConfigParser(AbstractModuleTestSupport.java:269)\r\n\tat com.puppycrawl.tools.checkstyle.checks.coding.IllegalTypeCheckTest.testValidateRecordsPass(IllegalTypeCheckTest.java:66)\r\n\tat java.base/jdk.internal.reflect.NativeMethodAccessorImpl.invoke0(Native Method)\r\n\tat java.base/jdk.internal.reflect.NativeMethodAccessorImpl.invoke(NativeMethodAccessorImpl.java:78)\r\n\tat java.base/jdk.internal.reflect.DelegatingMethodAccessorImpl.invoke(DelegatingMethodAccessorImpl.java:43)\r\n\tat java.base/java.lang.reflect.Method.invoke(Method.java:567)\r\n\tat org.junit.platform.commons.util.ReflectionUtils.invokeMethod(ReflectionUtils.java:725)\r\n\tat org.junit.jupiter.engine.execution.MethodInvocation.proceed(MethodInvocation.java:60)\r\n\tat org.junit.jupiter.engine.execution.InvocationInterceptorChain$ValidatingInvocation.proceed(InvocationInterceptorChain.java:131)\r\n\tat org.junit.jupiter.engine.extension.TimeoutExtension.intercept(TimeoutExtension.java:149)\r\n\tat org.junit.jupiter.engine.extension.TimeoutExtension.interceptTestableMethod(TimeoutExtension.java:140)\r\n\tat org.junit.jupiter.engine.extension.TimeoutExtension.interceptTestMethod(TimeoutExtension.java:84)\r\n\tat org.junit.jupiter.engine.execution.ExecutableInvoker$ReflectiveInterceptorCall.lambda$ofVoidMethod$0(ExecutableInvoker.java:115)\r\n\tat org.junit.jupiter.engine.execution.ExecutableInvoker.lambda$invoke$0(ExecutableInvoker.java:105)\r\n\tat org.junit.jupiter.engine.execution.InvocationInterceptorChain$InterceptedInvocation.proceed(InvocationInterceptorChain.java:106)\r\n\tat org.junit.jupiter.engine.execution.InvocationInterceptorChain.proceed(InvocationInterceptorChain.java:64)\r\n\tat org.junit.jupiter.engine.execution.InvocationInterceptorChain.chainAndInvoke(InvocationInterceptorChain.java:45)\r\n\tat org.junit.jupiter.engine.execution.InvocationInterceptorChain.invoke(InvocationInterceptorChain.java:37)\r\n\tat org.junit.jupiter.engine.execution.ExecutableInvoker.invoke(ExecutableInvoker.java:104)\r\n\tat org.junit.jupiter.engine.execution.ExecutableInvoker.invoke(ExecutableInvoker.java:98)\r\n\tat org.junit.jupiter.engine.descriptor.TestMethodTestDescriptor.lambda$invokeTestMethod$7(TestMethodTestDescriptor.java:214)\r\n\tat org.junit.platform.engine.support.hierarchical.ThrowableCollector.execute(ThrowableCollector.java:73)\r\n\tat org.junit.jupiter.engine.descriptor.TestMethodTestDescriptor.invokeTestMethod(TestMethodTestDescriptor.java:210)\r\n\tat org.junit.jupiter.engine.descriptor.TestMethodTestDescriptor.execute(TestMethodTestDescriptor.java:135)\r\n\tat org.junit.jupiter.engine.descriptor.TestMethodTestDescriptor.execute(TestMethodTestDescriptor.java:66)\r\n\tat org.junit.platform.engine.support.hierarchical.NodeTestTask.lambda$executeRecursively$6(NodeTestTask.java:151)\r\n\tat org.junit.platform.engine.support.hierarchical.ThrowableCollector.execute(ThrowableCollector.java:73)\r\n\tat org.junit.platform.engine.support.hierarchical.NodeTestTask.lambda$executeRecursively$8(NodeTestTask.java:141)\r\n\tat org.junit.platform.engine.support.hierarchical.Node.around(Node.java:137)\r\n\tat org.junit.platform.engine.support.hierarchical.NodeTestTask.lambda$executeRecursively$9(NodeTestTask.java:139)\r\n\tat org.junit.platform.engine.support.hierarchical.ThrowableCollector.execute(ThrowableCollector.java:73)\r\n\tat org.junit.platform.engine.support.hierarchical.NodeTestTask.executeRecursively(NodeTestTask.java:138)\r\n\tat org.junit.platform.engine.support.hierarchical.NodeTestTask.execute(NodeTestTask.java:95)\r\n\tat java.base/java.util.ArrayList.forEach(ArrayList.java:1511)\r\n\tat org.junit.platform.engine.support.hierarchical.SameThreadHierarchicalTestExecutorService.invokeAll(SameThreadHierarchicalTestExecutorService.java:41)\r\n\tat org.junit.platform.engine.support.hierarchical.NodeTestTask.lambda$executeRecursively$6(NodeTestTask.java:155)\r\n\tat org.junit.platform.engine.support.hierarchical.ThrowableCollector.execute(ThrowableCollector.java:73)\r\n\tat org.junit.platform.engine.support.hierarchical.NodeTestTask.lambda$executeRecursively$8(NodeTestTask.java:141)\r\n\tat org.junit.platform.engine.support.hierarchical.Node.around(Node.java:137)\r\n\tat org.junit.platform.engine.support.hierarchical.NodeTestTask.lambda$executeRecursively$9(NodeTestTask.java:139)\r\n\tat org.junit.platform.engine.support.hierarchical.ThrowableCollector.execute(ThrowableCollector.java:73)\r\n\tat org.junit.platform.engine.support.hierarchical.NodeTestTask.executeRecursively(NodeTestTask.java:138)\r\n\tat org.junit.platform.engine.support.hierarchical.NodeTestTask.execute(NodeTestTask.java:95)\r\n\tat java.base/java.util.ArrayList.forEach(ArrayList.java:1511)\r\n\tat org.junit.platform.engine.support.hierarchical.SameThreadHierarchicalTestExecutorService.invokeAll(SameThreadHierarchicalTestExecutorService.java:41)\r\n\tat org.junit.platform.engine.support.hierarchical.NodeTestTask.lambda$executeRecursively$6(NodeTestTask.java:155)\r\n\tat org.junit.platform.engine.support.hierarchical.ThrowableCollector.execute(ThrowableCollector.java:73)\r\n\tat org.junit.platform.engine.support.hierarchical.NodeTestTask.lambda$executeRecursively$8(NodeTestTask.java:141)\r\n\tat org.junit.platform.engine.support.hierarchical.Node.around(Node.java:137)\r\n\tat org.junit.platform.engine.support.hierarchical.NodeTestTask.lambda$executeRecursively$9(NodeTestTask.java:139)\r\n\tat org.junit.platform.engine.support.hierarchical.ThrowableCollector.execute(ThrowableCollector.java:73)\r\n\tat org.junit.platform.engine.support.hierarchical.NodeTestTask.executeRecursively(NodeTestTask.java:138)\r\n\tat org.junit.platform.engine.support.hierarchical.NodeTestTask.execute(NodeTestTask.java:95)\r\n\tat org.junit.platform.engine.support.hierarchical.SameThreadHierarchicalTestExecutorService.submit(SameThreadHierarchicalTestExecutorService.java:35)\r\n\tat org.junit.platform.engine.support.hierarchical.HierarchicalTestExecutor.execute(HierarchicalTestExecutor.java:57)\r\n\tat org.junit.platform.engine.support.hierarchical.HierarchicalTestEngine.execute(HierarchicalTestEngine.java:54)\r\n\tat org.junit.platform.launcher.core.EngineExecutionOrchestrator.execute(EngineExecutionOrchestrator.java:108)\r\n\tat org.junit.platform.launcher.core.EngineExecutionOrchestrator.execute(EngineExecutionOrchestrator.java:88)\r\n\tat org.junit.platform.launcher.core.EngineExecutionOrchestrator.lambda$execute$0(EngineExecutionOrchestrator.java:54)\r\n\tat org.junit.platform.launcher.core.EngineExecutionOrchestrator.withInterceptedStreams(EngineExecutionOrchestrator.java:67)\r\n\tat org.junit.platform.launcher.core.EngineExecutionOrchestrator.execute(EngineExecutionOrchestrator.java:52)\r\n\tat org.junit.platform.launcher.core.DefaultLauncher.execute(DefaultLauncher.java:96)\r\n\tat org.junit.platform.launcher.core.DefaultLauncher.execute(DefaultLauncher.java:75)\r\n\tat com.intellij.junit5.JUnit5IdeaTestRunner.startRunnerWithArgs(JUnit5IdeaTestRunner.java:71)\r\n\tat com.intellij.rt.junit.IdeaTestRunner$Repeater.startRunnerWithArgs(IdeaTestRunner.java:33)\r\n\tat com.intellij.rt.junit.JUnitStarter.prepareStreamsAndStart(JUnitStarter.java:235)\r\n\tat com.intellij.rt.junit.JUnitStarter.main(JUnitStarter.java:54)\r\nCaused by: java.lang.NullPointerException: Cannot invoke \"com.puppycrawl.tools.checkstyle.api.DetailAST.getFirstChild()\" because \"modifiers\" is null\r\n\tat com.puppycrawl.tools.checkstyle.checks.coding.IllegalTypeCheck.isContainVerifiableType(IllegalTypeCheck.java:516)\r\n\tat com.puppycrawl.tools.checkstyle.checks.coding.IllegalTypeCheck.isVerifiable(IllegalTypeCheck.java:502)\r\n\tat com.puppycrawl.tools.checkstyle.checks.coding.IllegalTypeCheck.visitVariableDef(IllegalTypeCheck.java:577)\r\n\tat com.puppycrawl.tools.checkstyle.checks.coding.IllegalTypeCheck.visitToken(IllegalTypeCheck.java:477)\r\n\tat com.puppycrawl.tools.checkstyle.TreeWalker.notifyVisit(TreeWalker.java:335)\r\n\tat com.puppycrawl.tools.checkstyle.TreeWalker.processIter(TreeWalker.java:406)\r\n\tat com.puppycrawl.tools.checkstyle.TreeWalker.walk(TreeWalker.java:273)\r\n\tat com.puppycrawl.tools.checkstyle.TreeWalker.processFiltered(TreeWalker.java:154)\r\n\tat com.puppycrawl.tools.checkstyle.api.AbstractFileSetCheck.process(AbstractFileSetCheck.java:87)\r\n\tat com.puppycrawl.tools.checkstyle.Checker.processFile(Checker.java:328)\r\n\tat com.puppycrawl.tools.checkstyle.Checker.processFiles(Checker.java:289)\r\n\t... 70 more\r\n```\r\n\r\n</details>\r\n\r\n\r\n<details>\r\n <summary>InputIllegalTypeTestInnerRecordsPass fail</summary>\r\n\r\n```\r\ncom.puppycrawl.tools.checkstyle.api.CheckstyleException: Exception was thrown while processing /home/fprochazka/devel/libs/checkstyle/checkstyle/src/test/resources/com/puppycrawl/tools/checkstyle/checks/coding/illegaltype/InputIllegalTypeTestInnerRecordsPass.java\r\n\r\n\tat com.puppycrawl.tools.checkstyle.Checker.processFiles(Checker.java:302)\r\n\tat com.puppycrawl.tools.checkstyle.Checker.process(Checker.java:221)\r\n\tat com.puppycrawl.tools.checkstyle.AbstractModuleTestSupport.getActualViolationsForFile(AbstractModuleTestSupport.java:442)\r\n\tat com.puppycrawl.tools.checkstyle.AbstractModuleTestSupport.verifyViolations(AbstractModuleTestSupport.java:416)\r\n\tat com.puppycrawl.tools.checkstyle.AbstractModuleTestSupport.verifyWithInlineConfigParser(AbstractModuleTestSupport.java:269)\r\n\tat com.puppycrawl.tools.checkstyle.checks.coding.IllegalTypeCheckTest.testValidateInnerRecordsPass(IllegalTypeCheckTest.java:74)\r\n\tat java.base/jdk.internal.reflect.NativeMethodAccessorImpl.invoke0(Native Method)\r\n\tat java.base/jdk.internal.reflect.NativeMethodAccessorImpl.invoke(NativeMethodAccessorImpl.java:78)\r\n\tat java.base/jdk.internal.reflect.DelegatingMethodAccessorImpl.invoke(DelegatingMethodAccessorImpl.java:43)\r\n\tat java.base/java.lang.reflect.Method.invoke(Method.java:567)\r\n\tat org.junit.platform.commons.util.ReflectionUtils.invokeMethod(ReflectionUtils.java:725)\r\n\tat org.junit.jupiter.engine.execution.MethodInvocation.proceed(MethodInvocation.java:60)\r\n\tat org.junit.jupiter.engine.execution.InvocationInterceptorChain$ValidatingInvocation.proceed(InvocationInterceptorChain.java:131)\r\n\tat org.junit.jupiter.engine.extension.TimeoutExtension.intercept(TimeoutExtension.java:149)\r\n\tat org.junit.jupiter.engine.extension.TimeoutExtension.interceptTestableMethod(TimeoutExtension.java:140)\r\n\tat org.junit.jupiter.engine.extension.TimeoutExtension.interceptTestMethod(TimeoutExtension.java:84)\r\n\tat org.junit.jupiter.engine.execution.ExecutableInvoker$ReflectiveInterceptorCall.lambda$ofVoidMethod$0(ExecutableInvoker.java:115)\r\n\tat org.junit.jupiter.engine.execution.ExecutableInvoker.lambda$invoke$0(ExecutableInvoker.java:105)\r\n\tat org.junit.jupiter.engine.execution.InvocationInterceptorChain$InterceptedInvocation.proceed(InvocationInterceptorChain.java:106)\r\n\tat org.junit.jupiter.engine.execution.InvocationInterceptorChain.proceed(InvocationInterceptorChain.java:64)\r\n\tat org.junit.jupiter.engine.execution.InvocationInterceptorChain.chainAndInvoke(InvocationInterceptorChain.java:45)\r\n\tat org.junit.jupiter.engine.execution.InvocationInterceptorChain.invoke(InvocationInterceptorChain.java:37)\r\n\tat org.junit.jupiter.engine.execution.ExecutableInvoker.invoke(ExecutableInvoker.java:104)\r\n\tat org.junit.jupiter.engine.execution.ExecutableInvoker.invoke(ExecutableInvoker.java:98)\r\n\tat org.junit.jupiter.engine.descriptor.TestMethodTestDescriptor.lambda$invokeTestMethod$7(TestMethodTestDescriptor.java:214)\r\n\tat org.junit.platform.engine.support.hierarchical.ThrowableCollector.execute(ThrowableCollector.java:73)\r\n\tat org.junit.jupiter.engine.descriptor.TestMethodTestDescriptor.invokeTestMethod(TestMethodTestDescriptor.java:210)\r\n\tat org.junit.jupiter.engine.descriptor.TestMethodTestDescriptor.execute(TestMethodTestDescriptor.java:135)\r\n\tat org.junit.jupiter.engine.descriptor.TestMethodTestDescriptor.execute(TestMethodTestDescriptor.java:66)\r\n\tat org.junit.platform.engine.support.hierarchical.NodeTestTask.lambda$executeRecursively$6(NodeTestTask.java:151)\r\n\tat org.junit.platform.engine.support.hierarchical.ThrowableCollector.execute(ThrowableCollector.java:73)\r\n\tat org.junit.platform.engine.support.hierarchical.NodeTestTask.lambda$executeRecursively$8(NodeTestTask.java:141)\r\n\tat org.junit.platform.engine.support.hierarchical.Node.around(Node.java:137)\r\n\tat org.junit.platform.engine.support.hierarchical.NodeTestTask.lambda$executeRecursively$9(NodeTestTask.java:139)\r\n\tat org.junit.platform.engine.support.hierarchical.ThrowableCollector.execute(ThrowableCollector.java:73)\r\n\tat org.junit.platform.engine.support.hierarchical.NodeTestTask.executeRecursively(NodeTestTask.java:138)\r\n\tat org.junit.platform.engine.support.hierarchical.NodeTestTask.execute(NodeTestTask.java:95)\r\n\tat java.base/java.util.ArrayList.forEach(ArrayList.java:1511)\r\n\tat org.junit.platform.engine.support.hierarchical.SameThreadHierarchicalTestExecutorService.invokeAll(SameThreadHierarchicalTestExecutorService.java:41)\r\n\tat org.junit.platform.engine.support.hierarchical.NodeTestTask.lambda$executeRecursively$6(NodeTestTask.java:155)\r\n\tat org.junit.platform.engine.support.hierarchical.ThrowableCollector.execute(ThrowableCollector.java:73)\r\n\tat org.junit.platform.engine.support.hierarchical.NodeTestTask.lambda$executeRecursively$8(NodeTestTask.java:141)\r\n\tat org.junit.platform.engine.support.hierarchical.Node.around(Node.java:137)\r\n\tat org.junit.platform.engine.support.hierarchical.NodeTestTask.lambda$executeRecursively$9(NodeTestTask.java:139)\r\n\tat org.junit.platform.engine.support.hierarchical.ThrowableCollector.execute(ThrowableCollector.java:73)\r\n\tat org.junit.platform.engine.support.hierarchical.NodeTestTask.executeRecursively(NodeTestTask.java:138)\r\n\tat org.junit.platform.engine.support.hierarchical.NodeTestTask.execute(NodeTestTask.java:95)\r\n\tat java.base/java.util.ArrayList.forEach(ArrayList.java:1511)\r\n\tat org.junit.platform.engine.support.hierarchical.SameThreadHierarchicalTestExecutorService.invokeAll(SameThreadHierarchicalTestExecutorService.java:41)\r\n\tat org.junit.platform.engine.support.hierarchical.NodeTestTask.lambda$executeRecursively$6(NodeTestTask.java:155)\r\n\tat org.junit.platform.engine.support.hierarchical.ThrowableCollector.execute(ThrowableCollector.java:73)\r\n\tat org.junit.platform.engine.support.hierarchical.NodeTestTask.lambda$executeRecursively$8(NodeTestTask.java:141)\r\n\tat org.junit.platform.engine.support.hierarchical.Node.around(Node.java:137)\r\n\tat org.junit.platform.engine.support.hierarchical.NodeTestTask.lambda$executeRecursively$9(NodeTestTask.java:139)\r\n\tat org.junit.platform.engine.support.hierarchical.ThrowableCollector.execute(ThrowableCollector.java:73)\r\n\tat org.junit.platform.engine.support.hierarchical.NodeTestTask.executeRecursively(NodeTestTask.java:138)\r\n\tat org.junit.platform.engine.support.hierarchical.NodeTestTask.execute(NodeTestTask.java:95)\r\n\tat org.junit.platform.engine.support.hierarchical.SameThreadHierarchicalTestExecutorService.submit(SameThreadHierarchicalTestExecutorService.java:35)\r\n\tat org.junit.platform.engine.support.hierarchical.HierarchicalTestExecutor.execute(HierarchicalTestExecutor.java:57)\r\n\tat org.junit.platform.engine.support.hierarchical.HierarchicalTestEngine.execute(HierarchicalTestEngine.java:54)\r\n\tat org.junit.platform.launcher.core.EngineExecutionOrchestrator.execute(EngineExecutionOrchestrator.java:108)\r\n\tat org.junit.platform.launcher.core.EngineExecutionOrchestrator.execute(EngineExecutionOrchestrator.java:88)\r\n\tat org.junit.platform.launcher.core.EngineExecutionOrchestrator.lambda$execute$0(EngineExecutionOrchestrator.java:54)\r\n\tat org.junit.platform.launcher.core.EngineExecutionOrchestrator.withInterceptedStreams(EngineExecutionOrchestrator.java:67)\r\n\tat org.junit.platform.launcher.core.EngineExecutionOrchestrator.execute(EngineExecutionOrchestrator.java:52)\r\n\tat org.junit.platform.launcher.core.DefaultLauncher.execute(DefaultLauncher.java:96)\r\n\tat org.junit.platform.launcher.core.DefaultLauncher.execute(DefaultLauncher.java:75)\r\n\tat com.intellij.junit5.JUnit5IdeaTestRunner.startRunnerWithArgs(JUnit5IdeaTestRunner.java:71)\r\n\tat com.intellij.rt.junit.IdeaTestRunner$Repeater.startRunnerWithArgs(IdeaTestRunner.java:33)\r\n\tat com.intellij.rt.junit.JUnitStarter.prepareStreamsAndStart(JUnitStarter.java:235)\r\n\tat com.intellij.rt.junit.JUnitStarter.main(JUnitStarter.java:54)\r\nCaused by: java.lang.NullPointerException: Cannot invoke \"com.puppycrawl.tools.checkstyle.api.DetailAST.getFirstChild()\" because \"modifiers\" is null\r\n\tat com.puppycrawl.tools.checkstyle.checks.coding.IllegalTypeCheck.isContainVerifiableType(IllegalTypeCheck.java:516)\r\n\tat com.puppycrawl.tools.checkstyle.checks.coding.IllegalTypeCheck.isVerifiable(IllegalTypeCheck.java:502)\r\n\tat com.puppycrawl.tools.checkstyle.checks.coding.IllegalTypeCheck.visitVariableDef(IllegalTypeCheck.java:577)\r\n\tat com.puppycrawl.tools.checkstyle.checks.coding.IllegalTypeCheck.visitToken(IllegalTypeCheck.java:477)\r\n\tat com.puppycrawl.tools.checkstyle.TreeWalker.notifyVisit(TreeWalker.java:335)\r\n\tat com.puppycrawl.tools.checkstyle.TreeWalker.processIter(TreeWalker.java:406)\r\n\tat com.puppycrawl.tools.checkstyle.TreeWalker.walk(TreeWalker.java:273)\r\n\tat com.puppycrawl.tools.checkstyle.TreeWalker.processFiltered(TreeWalker.java:154)\r\n\tat com.puppycrawl.tools.checkstyle.api.AbstractFileSetCheck.process(AbstractFileSetCheck.java:87)\r\n\tat com.puppycrawl.tools.checkstyle.Checker.processFile(Checker.java:328)\r\n\tat com.puppycrawl.tools.checkstyle.Checker.processFiles(Checker.java:289)\r\n\t... 70 more\r\n```\r\n\r\n</details>\r\n\r\n\r\n\r\nThe interesting part is IMHO this: \r\n\r\n```\r\njava.lang.NullPointerException: Cannot invoke \"com.puppycrawl.tools.checkstyle.api.DetailAST.getFirstChild()\" because \"modifiers\" is null\r\n\tat com.puppycrawl.tools.checkstyle.checks.coding.IllegalTypeCheck.isContainVerifiableType(IllegalTypeCheck.java:516)\r\n\tat com.puppycrawl.tools.checkstyle.checks.coding.IllegalTypeCheck.isVerifiable(IllegalTypeCheck.java:502)\r\n\tat com.puppycrawl.tools.checkstyle.checks.coding.IllegalTypeCheck.visitVariableDef(IllegalTypeCheck.java:577)\r\n\tat com.puppycrawl.tools.checkstyle.checks.coding.IllegalTypeCheck.visitToken(IllegalTypeCheck.java:477)\r\n\tat com.puppycrawl.tools.checkstyle.TreeWalker.notifyVisit(TreeWalker.java:335)\r\n\tat com.puppycrawl.tools.checkstyle.TreeWalker.processIter(TreeWalker.java:406)\r\n\tat com.puppycrawl.tools.checkstyle.TreeWalker.walk(TreeWalker.java:273)\r\n\tat com.puppycrawl.tools.checkstyle.TreeWalker.processFiltered(TreeWalker.java:154)\r\n\tat com.puppycrawl.tools.checkstyle.api.AbstractFileSetCheck.process(AbstractFileSetCheck.java:87)\r\n\tat com.puppycrawl.tools.checkstyle.Checker.processFile(Checker.java:328)\r\n\tat com.puppycrawl.tools.checkstyle.Checker.processFiles(Checker.java:289)\r\n```\r\n\r\nMy configuration of the check is baked into the comment in the tested source file.\r\n\r\nIf I change\r\n\r\n```\r\nmemberModifiers = LITERAL_PUBLIC, LITERAL_PROTECTED, LITERAL_STATIC\r\n```\r\n\r\nto \r\n\r\n```\r\nmemberModifiers = (default)\r\n```\r\n\r\nit starts to pass\r\n\r\n...\r\n\r\nAm I configuring it incorrectly? IMHO it should not throw an NPE even when configured incorrectly. "
}