{
  "FasterXML_jackson-databind-3195": "AnnotatedMemberEqualityTest.testAnnotatedConstructorEquality:41 expected:<[constructor for `com.fasterxml.jackson.databind.introspect.AnnotatedMemberEqualityTest$SomeBean` (1 arg), annotations: [null]> but was:<[constructor for `com.fasterxml.jackson.databind.introspect.AnnotatedMemberEqualityTest$SomeBean` (1 arg), annotations: [null]>\n   AnnotatedMemberEqualityTest.testAnnotatedFieldEquality:77 expected:<[field com.fasterxml.jackson.databind.introspect.AnnotatedMemberEqualityTest$SomeBean#value]> but was:<[field com.fasterxml.jackson.databind.introspect.AnnotatedMemberEqualityTest$SomeBean#value]>\n   AnnotatedMemberEqualityTest.testAnnotatedMethodEquality:60 expected:<[method com.fasterxml.jackson.databind.introspect.AnnotatedMemberEqualityTest$SomeBean#setValue(java.lang.String)]> but was:<[method com.fasterxml.jackson.databind.introspect.AnnotatedMemberEqualityTest$SomeBean#setValue(java.lang.String)]>",
  "FasterXML_jackson-databind-3418": "EmptyStringAsSingleValueTest.coercedBlankToList:83 expected:<[]> but was:<[ ]>\n   EmptyStringAsSingleValueTest.coercedEmptyToList:47 expected: java.util.Collections$EmptyList<[]> but was: java.util.ArrayList<[]>\n Errors: \n   EmptyStringAsSingleValueTest.blankToListWrapper:77 \u00bb InvalidFormat Cannot coer...\n   EmptyStringAsSingleValueTest.emptyToListWrapper:41 \u00bb InvalidFormat Cannot coer...",
  "FasterXML_jackson-databind-3868": "JsonIdentityInfoIdProperty3838Test.testUniformHandlingForMissingObjectId:185 should not pass",
  "FasterXML_jackson-databind-3962": "DisableCoercions3690Test.testFailMessage3924:81->_verifyFailedCoercionWithInvalidFormat:98 expected:<class java.lang.String> but was:<class java.util.ArrayList>",
  "Hakky54_sslcontext-kickstart-122": "UnsafeHostnameVerifierShould.verifyReturnsAlwaysTrue:34 \u00bb NullPointer Cannot i...",
  "Hakky54_sslcontext-kickstart-167": "CertificateUtilsShould.generateAliasForX509Certificate:79 \nexpected: \"cn=*.google.com,o=google llc,l=mountain view,st=california,c=us\"\n but was: \"CN=*.google.com,O=Google LLC,L=Mountain View,ST=California,C=US\"",
  "Hakky54_sslcontext-kickstart-197": "TrustManagerUtilsShould.createOnlyUnsafeTrustManagerWhileProvidingMultipleTrustManagers:380 \nExpecting actual:\n  nl.altindag.ssl.trustmanager.CompositeX509ExtendedTrustManager@5700c9db\nto be an instance of:\n  nl.altindag.ssl.trustmanager.UnsafeX509ExtendedTrustManager\nbut was instance of:\n  nl.altindag.ssl.trustmanager.CompositeX509ExtendedTrustManager\n   TrustManagerUtilsShould.notIncludeTrustManagerWhichDoesNotContainTrustedCertificates:394 \nExpected size: 2 but was: 3 in:\n[sun.security.ssl.X509TrustManagerImpl@642857e0,\n    sun.security.ssl.X509TrustManagerImpl@4c6b4ed7,\n    sun.security.ssl.X509TrustManagerImpl@21263314]",
  "Hakky54_sslcontext-kickstart-203": "KeyStoreUtilsShould.loadAndroidSystemKeyStoreWithOsNameAndJavaRuntimeNameProperty:212 \nExpecting actual:\n  []\nto contain exactly (and in same order):\n  [Mock for KeyStore, hashCode: 2024814472]\nbut could not find the following elements:\n  [Mock for KeyStore, hashCode: 2024814472]\n\n   KeyStoreUtilsShould.loadAndroidSystemKeyStoreWithOsNameAndJavaVendorProperty:162 \nExpecting actual:\n  []\nto contain exactly (and in same order):\n  [Mock for KeyStore, hashCode: 1796154990]\nbut could not find the following elements:\n  [Mock for KeyStore, hashCode: 1796154990]\n\n   KeyStoreUtilsShould.loadAndroidSystemKeyStoreWithOsNameAndJavaVmVendorProperty:187 \nExpecting actual:\n  []\nto contain exactly (and in same order):\n  [Mock for KeyStore, hashCode: 1641418296]\nbut could not find the following elements:\n  [Mock for KeyStore, hashCode: 1641418296]",
  "Hakky54_sslcontext-kickstart-217": "",
  "Hakky54_sslcontext-kickstart-234": "FenixHostnameVerifierShould.verifySubjectAlt:132 \nExpecting value to be true but was false",
  "assertj_assertj-2324": "Classes_assertHasMethods_Test.should_pass_with_direct_default_method:108 \nExpecting\n  org.assertj.core.internal.classes.Classes_assertHasMethods_Test.ClassWithDirectDefaultMethod\nto have methods:\n  [\"method\"]\nbut could not find:\n  [\"method\"]\n   Classes_assertHasMethods_Test.should_pass_with_indirect_default_method:127 \nExpecting\n  org.assertj.core.internal.classes.Classes_assertHasMethods_Test.ClassWithIndirectDefaultMethod\nto have methods:\n  [\"method\"]\nbut could not find:\n  [\"method\"]",
  "assertj_assertj-2364": "PropertyOrFieldSupport_getSimpleValue_with_Optional_input_Test.should_fail_if_optional_is_empty:44 \nExpecting actual not to be null",
  "assertj_assertj-2445": "StandardRepresentation_toStringOf_Test.should_return_toString_of_anonymous_Class_array_with_generic_description:126 \nexpected: \"anonymous class array\"\n but was: null\n   StandardRepresentation_toStringOf_Test.should_return_toString_of_anonymous_Class_with_generic_description:119 \nexpected: \"anonymous class\"\n but was: null\n   StandardRepresentation_toStringOf_Test.should_return_toString_of_local_Class_array_with_its_simple_name:138 \nexpected: \"local class LocalClass[]\"\n but was: null\n   StandardRepresentation_toStringOf_Test.should_return_toString_of_local_Class_with_its_simple_name:132 \nexpected: \"local class LocalClass\"\n but was: null",
  "assertj_assertj-2549": "Maps_assertContainsOnlyKeys_Test.should_fail_with_MultiValueMapAdapter:251 \nExpected size: 2 but was: 1 in:\n{\"job\"=[\"Jedi\"]}\n   Maps_assertContainsOnlyKeys_Test.should_pass_with_MultiValueMapAdapter:145 \nExpected size: 1 but was: 0 in:\n{}Maps_assertContainsOnly_Test.should_fail_with_MultiValueMapAdapter:268 \nExpected size: 2 but was: 1 in:\n{\"job\"=[\"Jedi\"]}\n   Maps_assertContainsOnly_Test.should_pass_with_MultiValueMapAdapter:161 \nExpected size: 1 but was: 0 in:\n{}",
  "assertj_assertj-2685": "Strings_assertContainsIgnoringCase_Test.should_pass_with_Turkish_default_locale \nExpecting actual:\n  \"Leia\"\nto contain:\n  \"IA\"\n (ignoring case)Strings_assertDoesNotContainIgnoringCase_Test.should_fail_with_Turkish_default_locale:135 [The code under test should have raised an AssertionError] \nExpecting actual not to be nullStrings_assertDoesNotEndWithIgnoringCase_Test.should_fail_with_Turkish_default_locale:83 [The code under test should have raised an AssertionError] \nExpecting actual not to be nullStrings_assertDoesNotStartWithIgnoringCase_Test.should_fail_with_Turkish_default_locale:84 [The code under test should have raised an AssertionError] \nExpecting actual not to be nullStrings_assertEndsWithIgnoringCase_Test.should_pass_with_Turkish_default_locale \nExpecting actual:\n  \"Leia\"\nto end with (ignoring case):\n  \"IA\"Strings_assertStartsWithIgnoringCase_Test.should_pass_with_Turkish_default_locale \nExpecting actual:\n  \"Leia\"\nto start with (ignoring case):\n  \"LEI\"",
  "checkstyle_checkstyle-10825": "IndentationCheckTest.testIndentationLineBreakVariableDeclaration:2922->verifyWarns:156->getLinesWithWarnAndCheckComments:68 \u00bb NoSuchFile\n   IndentationCheckTest.testIndentationLongConcatenatedString:2910->verifyWarns:156->getLinesWithWarnAndCheckComments:68 \u00bb NoSuchFile",
  "checkstyle_checkstyle-10839": "ClassFanOutComplexityCheckTest.testClassFanOutComplexityMultiCatchBitwiseOr:280->AbstractModuleTestSupport.verifyWithInlineConfigParser:267 \u00bb Checkstyle\n   ClassFanOutComplexityCheckTest.testImplementsAndNestedCount:239->AbstractModuleTestSupport.verifyWithInlineConfigParser:267 \u00bb Checkstyle",
  "checkstyle_checkstyle-10840": "JavadocMethodCheckTest.testAccessModifierEnum:474->AbstractModuleTestSupport.verifyWithInlineConfigParser:267 \u00bb Checkstyle\n   JavadocMethodCheckTest.testDefaultAccessModifier:465->AbstractModuleTestSupport.verifyWithInlineConfigParser:267 \u00bb Checkstyle",
  "checkstyle_checkstyle-10857": "UnusedImportsCheckTest.testArrayRef:153->AbstractModuleTestSupport.verifyWithInlineConfigParser:267 \u00bb Checkstyle",
  "checkstyle_checkstyle-10958": "IllegalTypeCheckTest.testRecordComponentsDefault:350->AbstractModuleTestSupport.verifyWithInlineConfigParser:267 \u00bb Checkstyle\n   IllegalTypeCheckTest.testRecordComponentsFinal:363->AbstractModuleTestSupport.verifyWithInlineConfigParser:267 \u00bb Checkstyle\n   IllegalTypeCheckTest.testRecordComponentsPrivateFinal:376->AbstractModuleTestSupport.verifyWithInlineConfigParser:267 \u00bb Checkstyle\n   IllegalTypeCheckTest.testRecordComponentsPublicProtectedStatic:387->AbstractModuleTestSupport.verifyWithInlineConfigParser:267 \u00bb Checkstyle",
  "checkstyle_checkstyle-10963": "EqualsAvoidNullCheckTest.testEqualsSuperClass:187->AbstractModuleTestSupport.verifyWithInlineConfigParser:267 \u00bb Checkstyle",
  "checkstyle_checkstyle-10967": "OperatorWrapCheckTest.testArraysAssign:138->AbstractModuleTestSupport.verifyWithInlineConfigParser:267 \u00bb Checkstyle",
  "checkstyle_checkstyle-11020": "SimplifyBooleanExpressionCheckTest.testIt:54->AbstractModuleTestSupport.verifyWithInlineConfigParser:271->AbstractModuleTestSupport.verify:287->AbstractModuleTestSupport.verify:325->AbstractModuleTestSupport.verify:347->AbstractModuleTestSupport.verify:377->AbstractModuleTestSupport.lambda$verify$1:380 Violations for /root/framework/testing/src/test/resources/com/puppycrawl/tools/checkstyle/checks/coding/simplifybooleanexpression/InputSimplifyBooleanExpression.java differ.\nmissing (8)\n#1      : 95:27: Expression can be simplified.\n#2      : 96:24: Expression can be simplified.\n#3      : 98:27: Expression can be simplified.\n#4      : 104:23: Expression can be simplified.\n#5      : 106:17: Expression can be simplified.\n#6      : 109:21: Expression can be simplified.\n#7      : 110:23: Expression can be simplified.\n#8      : 111:20: Expression can be simplified.\n---\nexpected: [22:18: Expression can be simplified., 43:36: Expression can be simplified., 44:36: Expression can be simplified., 45:16: Expression can be simplified., 45:32: Expression can be simplified., 95:27: Expression can be simplified., 96:24: Expression can be simplified., 98:27: Expression can be simplified., 104:23: Expression can be simplified., 106:17: Expression can be simplified., 109:21: Expression can be simplified., 110:23: Expression can be simplified., 111:20: Expression can be simplified.]\nbut was : [22:18: Expression can be simplified., 43:36: Expression can be simplified., 44:36: Expression can be simplified., 45:16: Expression can be simplified., 45:32: Expression can be simplified.]",
  "checkstyle_checkstyle-11085": "StringLiteralEqualityCheckTest.testConcatenatedStringLiterals:76->AbstractModuleTestSupport.verifyWithInlineConfigParser:267 \u00bb Checkstyle\n   StringLiteralEqualityCheckTest.testConcatenatedTextBlocks:93->AbstractModuleTestSupport.verifyWithInlineConfigParser:267 \u00bb Checkstyle",
  "checkstyle_checkstyle-11270": "RedundantModifierCheckTest.testGetAcceptableTokens:159 Invalid acceptable tokens\nvalue of: getAcceptableTokens()\nexpected: [9, 10, 161, 15, 8, 14, 154, 178, 157]\nbut was : [9, 10, 161, 15, 8, 14, 154, 178]\nwrong length\nexpected: 9\nbut was : 8\n   RedundantModifierCheckTest.testNestedClassConsInPublicInterfaceHasValidPublicModifier:137->AbstractModuleTestSupport.verifyWithInlineConfigParser:271->AbstractModuleTestSupport.verify:287->AbstractModuleTestSupport.verify:325->AbstractModuleTestSupport.verify:347->AbstractModuleTestSupport.verify:377->AbstractModuleTestSupport.lambda$verify$1:380 Violations for /root/framework/testing/src/test/resources/com/puppycrawl/tools/checkstyle/checks/modifier/redundantmodifier/InputRedundantModifierNestedClassInPublicInterfaceRedundantModifiers.java differ.\nmissing (1): 24:13: Redundant 'public' modifier.\n---\nexpected   : [22:17: Redundant 'public' modifier., 24:13: Redundant 'public' modifier., 26:21: Redundant 'public' modifier., 37:12: Redundant 'public' modifier., 45:17: Redundant 'public' modifier.]\nbut was    : [22:17: Redundant 'public' modifier., 26:21: Redundant 'public' modifier., 37:12: Redundant 'public' modifier., 45:17: Redundant 'public' modifier.]\n   RedundantModifierCheckTest.testNestedDef:312->AbstractModuleTestSupport.verifyWithInlineConfigParser:271->AbstractModuleTestSupport.verify:287->AbstractModuleTestSupport.verify:325->AbstractModuleTestSupport.verify:347->AbstractModuleTestSupport.verify:377->AbstractModuleTestSupport.lambda$verify$1:380 Violations for /root/framework/testing/src/test/resources/com/puppycrawl/tools/checkstyle/checks/modifier/redundantmodifier/InputRedundantModifierNestedDef.java differ.\nmissing (16)\n#1      : 19:5: Redundant 'public' modifier.\n#2      : 19:12: Redundant 'static' modifier.\n#3      : 22:5: Redundant 'public' modifier.\n#4      : 22:12: Redundant 'abstract' modifier.\n#5      : 22:21: Redundant 'static' modifier.\n#6      : 26:1: Redundant 'abstract' modifier.\n#7      : 28:5: Redundant 'public' modifier.\n#8      : 28:12: Redundant 'static' modifier.\n#9      : 32:9: Redundant 'public' modifier.\n#10     : 32:16: Redundant 'static' modifier.\n#11     : 34:13: Redundant 'public' modifier.\n#12     : 34:20: Redundant 'static' modifier.\n#13     : 37:13: Redundant 'public' modifier.\n#14     : 37:20: Redundant 'static' modifier.\n#15     : 40:13: Redundant 'public' modifier.\n#16     : 40:20: Redundant 'static' modifier.\n---\nexpected: [10:5: Redundant 'public' modifier., 11:5: Redundant 'static' modifier., 12:5: Redundant 'public' modifier., 12:12: Redundant 'static' modifier., 13:5: Redundant 'static' modifier., 13:12: Redundant 'public' modifier., 16:9: Redundant 'public' modifier., 19:5: Redundant 'public' modifier., 19:12: Redundant 'static' modifier., 22:5: Redundant 'public' modifier., 22:12: Redundant 'abstract' modifier., 22:21: Redundant 'static' modifier., 26:1: Redundant 'abstract' modifier., 28:5: Redundant 'public' modifier., 28:12: Redundant 'static' modifier., 32:9: Redundant 'public' modifier., 32:16: Redundant 'static' modifier., 34:13: Redundant 'public' modifier., 34:20: Redundant 'static' modifier., 37:13: Redundant 'public' modifier., 37:20: Redundant 'static' modifier., 40:13: Redundant 'public' modifier., 40:20: Redundant 'static' modifier.]\nbut was : [10:5: Redundant 'public' modifier., 11:5: Redundant 'static' modifier., 12:5: Redundant 'public' modifier., 12:12: Redundant 'static' modifier., 13:5: Redundant 'static' modifier., 13:12: Redundant 'public' modifier., 16:9: Redundant 'public' modifier.]\n   RedundantModifierCheckTest.testWrongTokenType:168 IllegalStateException was expected ==> Unexpected exception type thrown ==> expected: <java.lang.IllegalStateException> but was: <java.lang.NullPointerException>",
  "checkstyle_checkstyle-11383": "SummaryJavadocCheckTest.testIncorrect:87->AbstractModuleTestSupport.verifyWithInlineConfigParser:272->AbstractModuleTestSupport.verify:288->AbstractModuleTestSupport.verify:326->AbstractModuleTestSupport.verify:348->AbstractModuleTestSupport.verify:378->AbstractModuleTestSupport.lambda$verify$1:381 Violations for /root/framework/testing/src/test/resources/com/puppycrawl/tools/checkstyle/checks/javadoc/summaryjavadoc/InputSummaryJavadocIncorrect.java differ.\nunexpected (1): 155: Summary of Javadoc is missing an ending period.\n---\nexpected      : [24: Summary javadoc is missing., 42: Summary javadoc is missing., 47: First sentence of Javadoc is missing an ending period., 57: Forbidden summary fragment., 63: Summary javadoc is missing., 68: Summary javadoc is missing., 79: Summary javadoc is missing., 93: Forbidden summary fragment., 113: Summary javadoc is missing., 126: First sentence of Javadoc is missing an ending period., 131: Summary javadoc is missing., 136: Summary javadoc is missing., 142: First sentence of Javadoc is missing an ending period., 147: Summary javadoc is missing., 150: Summary javadoc is missing.]\nbut was       : [24: Summary javadoc is missing., 42: Summary javadoc is missing., 47: First sentence of Javadoc is missing an ending period., 57: Forbidden summary fragment., 63: Summary javadoc is missing., 68: Summary javadoc is missing., 79: Summary javadoc is missing., 93: Forbidden summary fragment., 113: Summary javadoc is missing., 126: First sentence of Javadoc is missing an ending period., 131: Summary javadoc is missing., 136: Summary javadoc is missing., 142: First sentence of Javadoc is missing an ending period., 147: Summary javadoc is missing., 150: Summary javadoc is missing., 155: Summary of Javadoc is missing an ending period.]\n   SummaryJavadocCheckTest.testInlineCorrect:64->AbstractModuleTestSupport.verifyWithInlineConfigParser:272->AbstractModuleTestSupport.verify:288->AbstractModuleTestSupport.verify:326->AbstractModuleTestSupport.verify:348->AbstractModuleTestSupport.verify:376 Files with expected violations and actual violations differ.\nvalue of   : keySet()\nmissing (1): /root/framework/testing/src/test/resources/com/puppycrawl/tools/checkstyle/checks/javadoc/summaryjavadoc/InputSummaryJavadocInlineCorrect.java\n---\nexpected   : [/root/framework/testing/src/test/resources/com/puppycrawl/tools/checkstyle/checks/javadoc/summaryjavadoc/InputSummaryJavadocInlineCorrect.java]\nbut was    : []\n   SummaryJavadocCheckTest.testInlineForbidden:106->AbstractModuleTestSupport.verifyWithInlineConfigParser:272->AbstractModuleTestSupport.verify:288->AbstractModuleTestSupport.verify:326->AbstractModuleTestSupport.verify:348->AbstractModuleTestSupport.verify:378->AbstractModuleTestSupport.lambda$verify$1:381 Violations for /root/framework/testing/src/test/resources/com/puppycrawl/tools/checkstyle/checks/javadoc/summaryjavadoc/InputSummaryJavadocInlineForbidden.java differ.\nmissing (1)   : 114: First sentence of Javadoc is missing an ending period.\nunexpected (1): 115: Summary of Javadoc is missing an ending period.\n---\nexpected      : [26: Summary of Javadoc is missing an ending period., 31: Summary of Javadoc is missing an ending period., 36: Summary of Javadoc is missing an ending period., 41: Forbidden summary fragment., 45: Summary javadoc is missing., 49: Summary of Javadoc is missing an ending period., 59: Forbidden summary fragment., 80: First sentence of Javadoc is missing an ending period., 94: Summary of Javadoc is missing an ending period., 108: Summary javadoc is missing., 114: First sentence of Javadoc is missing an ending period.]\nbut was       : [26: Summary of Javadoc is missing an ending period., 31: Summary of Javadoc is missing an ending period., 36: Summary of Javadoc is missing an ending period., 41: Forbidden summary fragment., 45: Summary javadoc is missing., 49: Summary of Javadoc is missing an ending period., 59: Forbidden summary fragment., 80: First sentence of Javadoc is missing an ending period., 94: Summary of Javadoc is missing an ending period., 108: Summary javadoc is missing., 115: Summary of Javadoc is missing an ending period.]\n Errors: \n   SummaryJavadocCheckTest.testIncorrectUsageOfSummaryTag:165->AbstractModuleTestSupport.verifyWithInlineConfigParser:268 \u00bb Checkstyle",
  "checkstyle_checkstyle-11468": "FinalClassCheckTest.testFinalClassInnerAndNestedClasses:148->AbstractModuleTestSupport.verifyWithInlineConfigParser:237->AbstractModuleTestSupport.verify:253->AbstractModuleTestSupport.verify:291->AbstractModuleTestSupport.verify:313->AbstractModuleTestSupport.verify:343->AbstractModuleTestSupport.lambda$verify$1:346 Violations for /root/framework/testing/src/test/resources/com/puppycrawl/tools/checkstyle/checks/design/finalclass/InputFinalClassInnerAndNestedClass.java differ.\nmissing (1): 84:9: Class c should be declared as final.\n---\nexpected   : [19:5: Class SameName should be declared as final., 45:9: Class SameName should be declared as final., 69:13: Class B should be declared as final., 84:9: Class c should be declared as final.]\nbut was    : [19:5: Class SameName should be declared as final., 45:9: Class SameName should be declared as final., 69:13: Class B should be declared as final.]\n Errors: \n   FinalClassCheckTest.testFinalClassAnonymousInnerClass:204->AbstractModuleTestSupport.verifyWithInlineConfigParser:233 \u00bb Checkstyle\n   FinalClassCheckTest.testFinalClassNestedInEnum:224->AbstractModuleTestSupport.verifyWithInlineConfigParser:233 \u00bb Checkstyle\n   FinalClassCheckTest.testFinalClassNestedInInterface:214->AbstractModuleTestSupport.verifyWithInlineConfigParser:233 \u00bb Checkstyle\n   FinalClassCheckTest.testFinalClassNestedInRecord:234->AbstractModuleTestSupport.verifyWithInlineConfigParser:233 \u00bb Checkstyle",
  "checkstyle_checkstyle-11926": "InvalidJavadocPositionCheckTest.testDefault:93->AbstractModuleTestSupport.verifyWithInlineConfigParser:237->AbstractModuleTestSupport.verify:253->AbstractModuleTestSupport.verify:291->AbstractModuleTestSupport.verify:313->AbstractModuleTestSupport.verify:343->AbstractModuleTestSupport.lambda$verify$1:346 Violations for /root/framework/testing/src/test/resources/com/puppycrawl/tools/checkstyle/checks/javadoc/invalidjavadocposition/InputInvalidJavadocPosition.java differ.\nmissing (5)\n#1      : 73:6: Javadoc comment is placed in the wrong location.\n#2      : 76:24: Javadoc comment is placed in the wrong location.\n#3      : 79:43: Javadoc comment is placed in the wrong location.\n#4      : 82:69: Javadoc comment is placed in the wrong location.\n#5      : 94:1: Javadoc comment is placed in the wrong location.\n\nunexpected (1)\n#1      : 68:1: Javadoc comment is placed in the wrong location.\n---\nexpected: [7:9: Javadoc comment is placed in the wrong location., 10:1: Javadoc comment is placed in the wrong location., 13:1: Javadoc comment is placed in the wrong location., 16:5: Javadoc comment is placed in the wrong location., 21:5: Javadoc comment is placed in the wrong location., 24:5: Javadoc comment is placed in the wrong location., 34:9: Javadoc comment is placed in the wrong location., 35:17: Javadoc comment is placed in the wrong location., 36:17: Javadoc comment is placed in the wrong location., 46:10: Javadoc comment is placed in the wrong location., 47:19: Javadoc comment is placed in the wrong location., 48:19: Javadoc comment is placed in the wrong location., 49:21: Javadoc comment is placed in the wrong location., 50:23: Javadoc comment is placed in the wrong location., 51:23: Javadoc comment is placed in the wrong location., 54:1: Javadoc comment is placed in the wrong location., 59:7: Javadoc comment is placed in the wrong location., 60:36: Javadoc comment is placed in the wrong location., 63:9: Javadoc comment is placed in the wrong location., 64:9: Javadoc comment is placed in the wrong location., 65:9: Javadoc comment is placed in the wrong location., 73:6: Javadoc comment is placed in the wrong location., 76:24: Javadoc comment is placed in the wrong location., 79:43: Javadoc comment is placed in the wrong location., 82:69: Javadoc comment is placed in the wrong location., 94:1: Javadoc comment is placed in the wrong location.]\nbut was : [7:9: Javadoc comment is placed in the wrong location., 10:1: Javadoc comment is placed in the wrong location., 13:1: Javadoc comment is placed in the wrong location., 16:5: Javadoc comment is placed in the wrong location., 21:5: Javadoc comment is placed in the wrong location., 24:5: Javadoc comment is placed in the wrong location., 34:9: Javadoc comment is placed in the wrong location., 35:17: Javadoc comment is placed in the wrong location., 36:17: Javadoc comment is placed in the wrong location., 46:10: Javadoc comment is placed in the wrong location., 47:19: Javadoc comment is placed in the wrong location., 48:19: Javadoc comment is placed in the wrong location., 49:21: Javadoc comment is placed in the wrong location., 50:23: Javadoc comment is placed in the wrong location., 51:23: Javadoc comment is placed in the wrong location., 54:1: Javadoc comment is placed in the wrong location., 59:7: Javadoc comment is placed in the wrong location., 60:36: Javadoc comment is placed in the wrong location., 63:9: Javadoc comment is placed in the wrong location., 64:9: Javadoc comment is placed in the wrong location., 65:9: Javadoc comment is placed in the wrong location., 68:1: Javadoc comment is placed in the wrong location.]",
  "checkstyle_checkstyle-12372": "NoWhitespaceAfterCheckTest.testAssignment:69->AbstractModuleTestSupport.verifyWithInlineConfigParser:233 \u00bb Checkstyle",
  "checkstyle_checkstyle-12444": "IllegalTypeCheckTest.testTrailingWhitespaceInConfig:395->AbstractModuleTestSupport.verifyWithInlineConfigParser:233 \u00bb Checkstyle",
  "checkstyle_checkstyle-12831": "ClassMemberImpliedModifierCheckTest.testClassMemberImpliedModifierRecords:127->AbstractModuleTestSupport.verifyWithInlineConfigParser:237->AbstractModuleTestSupport.verify:280->AbstractModuleTestSupport.verify:318->AbstractModuleTestSupport.verify:340->AbstractModuleTestSupport.verify:370->AbstractModuleTestSupport.lambda$verify$1:373 Violations for /root/framework/testing/src/test/resources-noncompilable/com/puppycrawl/tools/checkstyle/checks/modifier/classmemberimpliedmodifier/InputClassMemberImpliedModifierRecords.java differ.\nmissing (1): 43:13: Implied modifier 'static' should be explicit.\n---\nexpected   : [16:5: Implied modifier 'static' should be explicit., 20:5: Implied modifier 'static' should be explicit., 24:5: Implied modifier 'static' should be explicit., 29:9: Implied modifier 'static' should be explicit., 33:9: Implied modifier 'static' should be explicit., 37:9: Implied modifier 'static' should be explicit., 43:13: Implied modifier 'static' should be explicit.]\nbut was    : [16:5: Implied modifier 'static' should be explicit., 20:5: Implied modifier 'static' should be explicit., 24:5: Implied modifier 'static' should be explicit., 29:9: Implied modifier 'static' should be explicit., 33:9: Implied modifier 'static' should be explicit., 37:9: Implied modifier 'static' should be explicit.]",
  "google_gson-2060": "PrimitiveTest.testLazilyParsedNumberSerialization:400 expected:<[1.5]> but was:<[{\"value\":\"1.5\"}]>\n Errors: \n   PrimitiveTest.testLazilyParsedNumberDeserialization:405 \u00bb JsonSyntax java.lang...JsonWriterTest.testMalformedNumbers:382 Should have failed writing malformed number: some text",
  "google_gson-2061": "JsonTreeReaderTest.testHasNext_endOfDocument:55JsonReaderTest.testHasNextEndOfDocument:79",
  "google_gson-2071": "EnumTest.testEnumMap:172 ClassCast class java.util.LinkedHashMap cannot be cas...",
  "google_gson-2130": "JsonWriterTest.testFloats:306 expected:<[-0.0,1.0,3.402823[5E38,1.4E-45,0.0,-0.5,2.2250739E-38,3.723379,3.1415927,2.7182817]]> but was:<[-0.0,1.0,3.402823[4663852886E38,1.401298464324817E-45,0.0,-0.5,2.225073907093897E-38,3.723378896713257,3.1415927410125732,2.7182817459106445]]>",
  "google_gson-2134": "ISO8601UtilsTest.testDateParseInvalidDay:74 Expected parsing to fail\n   ISO8601UtilsTest.testDateParseInvalidMonth:84 Expected parsing to fail",
  "google_gson-2153": "GsonTest.testGetAdapter_Concurrency:152 expected same:<com.google.gson.GsonTest$2$2@3c0ecd4b> was not:<com.google.gson.GsonTest$2$2@14bf9759>\n   GsonTest.testGetAdapter_Null:100 expected:<type must not be null> but was:<null>",
  "google_gson-2158": "PrimitiveTest.testByteSerialization:70 expected:<[-]128> but was:<[]128>\n   PrimitiveTest.testDoubleSerialization:195 expected:<1[.0]> but was:<1[]>\n   PrimitiveTest.testFloatSerialization:181 expected:<1[.0]> but was:<1[]>\n   PrimitiveTest.testIntSerialization:160 expected:<[-]2147483648> but was:<[]2147483648>\n   PrimitiveTest.testLongSerialization:172 expected:<1[]> but was:<1[.5]>\n   PrimitiveTest.testShortSerialization:115 expected:<[-]32768> but was:<[]32768>",
  "google_gson-2214": "GsonBuilderTest.testSetVersionInvalid:218",
  "google_gson-2364": "JsonPrimitiveTest.testBigDecimalEquals:329 value of: equals(...)\nexpected to be false",
  "google_gson-2376": "TypeTokenTest.testTypeTokenTypeVariable:309 expected java.lang.IllegalArgumentException to be thrown, but nothing was thrown",
  "google_gson-2397": "",
  "google_gson-2410": "ToNumberPolicyTest.testDouble:40 value of: throwable.getMessage()\nexpected: \u2026/google/gson/blob/main/Troubleshooting.md#\u2026\nbut was : \u2026/google/gson/blob/master/Troubleshooting.md#\u2026\n   ToNumberPolicyTest.testLongOrDouble:85 value of: throwable.getMessage()\nexpected: \u2026/google/gson/blob/main/Troubleshooting.md#\u2026\nbut was : \u2026/google/gson/blob/master/Troubleshooting.md#\u2026\n   ToNumberPolicyTest.testNullsAreNeverExpected:128 value of: throwable.getMessage()\nexpected: \u2026/google/gson/blob/main/Troubleshooting.md#\u2026\nbut was : \u2026/google/gson/blob/master/Troubleshooting.md#\u2026DefaultTypeAdaptersTest.testClassDeserialization:112 value of: throwable.getMessage()\nexpected: \u2026/google/gson/blob/main/Troubleshooting.md#\u2026\nbut was : \u2026/google/gson/blob/master/Troubleshooting.md#\u2026\n   DefaultTypeAdaptersTest.testClassSerialization:98 value of: throwable.getMessage()\nexpected: \u2026/google/gson/blob/main/Troubleshooting.md#\u2026\nbut was : \u2026/google/gson/blob/master/Troubleshooting.md#\u2026NamingPolicyTest.testGsonDuplicateNameDueToBadNamingPolicy:160 value of: throwable.getMessage()\nexpected: \u2026/google/gson/blob/main/Troubleshooting.md#\u2026\nbut was : \u2026/google/gson/blob/master/Troubleshooting.md#\u2026\n   NamingPolicyTest.testGsonDuplicateNameUsingSerializedNameFieldNamingPolicySerialization:139 value of: throwable.getMessage()\nexpected: \u2026/google/gson/blob/main/Troubleshooting.md#\u2026\nbut was : \u2026/google/gson/blob/master/Troubleshooting.md#\u2026ObjectTest.testClassWithDuplicateFields:178 value of: throwable.getMessage()\nexpected: \u2026/google/gson/blob/main/Troubleshooting.md#\u2026\nbut was : \u2026/google/gson/blob/master/Troubleshooting.md#\u2026ReflectionAccessTest.testInaccessibleField:152->assertInaccessibleException:118 value of:\n    throwable.getMessage()\nexpected to end with:\n    \n    See https://github.com/google/gson/blob/main/Troubleshooting.md#reflection-inaccessible\nbut was:\n    Failed making field 'java.lang.Throwable#detailMessage' accessible; either increase its visibility or write a custom TypeAdapter for its declaring type.\n    See https://github.com/google/gson/blob/master/Troubleshooting.md#reflection-inaccessible\n   ReflectionAccessTest.testSerializeInternalImplementationObject:143->assertInaccessibleException:118 value of:\n    throwable.getMessage()\nexpected to end with:\n    \n    See https://github.com/google/gson/blob/main/Troubleshooting.md#reflection-inaccessible\nbut was:\n    Failed making constructor 'java.util.Collections$EmptyList()' accessible; either increase its visibility or write a custom InstanceCreator or TypeAdapter for its declaring type: Unable to make private java.util.Collections$EmptyList() accessible: module java.base does not \"opens java.util\" to unnamed module @131276c2\n    See https://github.com/google/gson/blob/master/Troubleshooting.md#reflection-inaccessibleStreamingTypeAdaptersTest.testNullSafe:198 value of: throwable.getMessage()\nexpected: \u2026/google/gson/blob/main/Troubleshooting.md#\u2026\nbut was : \u2026/google/gson/blob/master/Troubleshooting.md#\u2026TypeTokenTest.testTypeTokenRaw:263 value of: throwable.getMessage()\nexpected: \u2026/google/gson/blob/main/Troubleshooting.md#\u2026\nbut was : \u2026/google/gson/blob/master/Troubleshooting.md#\u2026JsonReaderTest.testBomForbiddenAsOtherCharacterInDocument:1610->assertStrictError:2071 value of: throwable.getMessage()\nexpected: \u2026/google/gson/blob/main/Troubleshooting.md#\u2026\nbut was : \u2026/google/gson/blob/master/Troubleshooting.md#\u2026\n   JsonReaderTest.testDocumentWithCommentEndingInSlash:1807 value of: throwable.getMessage()\nexpected: \u2026/google/gson/blob/main/Troubleshooting.md#\u2026\nbut was : \u2026/google/gson/blob/master/Troubleshooting.md#\u2026\n   JsonReaderTest.testFailWithEscapedNewlineCharacter:1658->testFailWithPosition:1677 value of: throwable.getMessage()\nexpected: \u2026/google/gson/blob/main/Troubleshooting.md#\u2026\nbut was : \u2026/google/gson/blob/master/Troubleshooting.md#\u2026\n   JsonReaderTest.testFailWithPosition:1616->testFailWithPosition:1677 value of: throwable.getMessage()\nexpected: \u2026/google/gson/blob/main/Troubleshooting.md#\u2026\nbut was : \u2026/google/gson/blob/master/Troubleshooting.md#\u2026\n   JsonReaderTest.testFailWithPositionDeepPath:1707 value of: throwable.getMessage()\nexpected: \u2026/google/gson/blob/main/Troubleshooting.md#\u2026\nbut was : \u2026/google/gson/blob/master/Troubleshooting.md#\u2026\n   JsonReaderTest.testFailWithPositionGreaterThanBufferSize:1623->testFailWithPosition:1677 value of: throwable.getMessage()\nexpected: \u2026/google/gson/blob/main/Troubleshooting.md#\u2026\nbut was : \u2026/google/gson/blob/master/Troubleshooting.md#\u2026\n   JsonReaderTest.testFailWithPositionIsOffsetByBom:1663->testFailWithPosition:1677 value of: throwable.getMessage()\nexpected: \u2026/google/gson/blob/main/Troubleshooting.md#\u2026\nbut was : \u2026/google/gson/blob/master/Troubleshooting.md#\u2026\n   JsonReaderTest.testFailWithPositionOverCStyleComment:1641->testFailWithPosition:1677 value of: throwable.getMessage()\nexpected: \u2026/google/gson/blob/main/Troubleshooting.md#\u2026\nbut was : \u2026/google/gson/blob/master/Troubleshooting.md#\u2026\n   JsonReaderTest.testFailWithPositionOverHashEndOfLineComment:1635->testFailWithPosition:1677 value of: throwable.getMessage()\nexpected: \u2026/google/gson/blob/main/Troubleshooting.md#\u2026\nbut was : \u2026/google/gson/blob/master/Troubleshooting.md#\u2026\n   JsonReaderTest.testFailWithPositionOverQuotedString:1647->testFailWithPosition:1677 value of: throwable.getMessage()\nexpected: \u2026/google/gson/blob/main/Troubleshooting.md#\u2026\nbut was : \u2026/google/gson/blob/master/Troubleshooting.md#\u2026\n   JsonReaderTest.testFailWithPositionOverSlashSlashEndOfLineComment:1629->testFailWithPosition:1677 value of: throwable.getMessage()\nexpected: \u2026/google/gson/blob/main/Troubleshooting.md#\u2026\nbut was : \u2026/google/gson/blob/master/Troubleshooting.md#\u2026\n   JsonReaderTest.testFailWithPositionOverUnquotedString:1653->testFailWithPosition:1677 value of: throwable.getMessage()\nexpected: \u2026/google/gson/blob/main/Troubleshooting.md#\u2026\nbut was : \u2026/google/gson/blob/master/Troubleshooting.md#\u2026\n   JsonReaderTest.testInvalidJsonInput:277 value of: throwable.getMessage()\nexpected: \u2026/google/gson/blob/main/Troubleshooting.md#\u2026\nbut was : \u2026/google/gson/blob/master/Troubleshooting.md#\u2026\n   JsonReaderTest.testLenientExtraCommasInMaps:1981 value of: throwable.getMessage()\nexpected: \u2026/google/gson/blob/main/Troubleshooting.md#\u2026\nbut was : \u2026/google/gson/blob/master/Troubleshooting.md#\u2026\n   JsonReaderTest.testLenientPartialNonExecutePrefix:1590 value of: throwable.getMessage()\nexpected: \u2026/google/gson/blob/main/Troubleshooting.md#\u2026\nbut was : \u2026/google/gson/blob/master/Troubleshooting.md#\u2026\n   JsonReaderTest.testMissingValue:838 value of: throwable.getMessage()\nexpected: \u2026/google/gson/blob/main/Troubleshooting.md#\u2026\nbut was : \u2026/google/gson/blob/master/Troubleshooting.md#\u2026\n   JsonReaderTest.testNextFailuresDoNotAdvance:898->assertUnexpectedStructureError:2077 value of: throwable.getMessage()\nexpected: \u2026/google/gson/blob/main/Troubleshooting.md#\u2026\nbut was : \u2026/google/gson/blob/master/Troubleshooting.md#\u2026\n   JsonReaderTest.testNullLiteralIsNotAString:994->assertUnexpectedStructureError:2077 value of: throwable.getMessage()\nexpected: \u2026/google/gson/blob/main/Troubleshooting.md#\u2026\nbut was : \u2026/google/gson/blob/master/Troubleshooting.md#\u2026\n   JsonReaderTest.testPeekingUnquotedStringsPrefixedWithBooleans:601->assertUnexpectedStructureError:2077 value of: throwable.getMessage()\nexpected: \u2026/google/gson/blob/main/Troubleshooting.md#\u2026\nbut was : \u2026/google/gson/blob/master/Troubleshooting.md#\u2026\n   JsonReaderTest.testStrictComments:1087->assertStrictError:2071 value of: throwable.getMessage()\nexpected: \u2026/google/gson/blob/main/Troubleshooting.md#\u2026\nbut was : \u2026/google/gson/blob/master/Troubleshooting.md#\u2026\n   JsonReaderTest.testStrictCommentsWithSkipValue:1135->assertStrictError:2071 value of: throwable.getMessage()\nexpected: \u2026/google/gson/blob/main/Troubleshooting.md#\u2026\nbut was : \u2026/google/gson/blob/master/Troubleshooting.md#\u2026\n   JsonReaderTest.testStrictExtraCommasInMaps:1965 value of: throwable.getMessage()\nexpected: \u2026/google/gson/blob/main/Troubleshooting.md#\u2026\nbut was : \u2026/google/gson/blob/master/Troubleshooting.md#\u2026\n   JsonReaderTest.testStrictMultipleTopLevelValues:1477->assertStrictError:2071 value of: throwable.getMessage()\nexpected: \u2026/google/gson/blob/main/Troubleshooting.md#\u2026\nbut was : \u2026/google/gson/blob/master/Troubleshooting.md#\u2026\n   JsonReaderTest.testStrictMultipleTopLevelValuesWithSkipValue:1502->assertStrictError:2071 value of: throwable.getMessage()\nexpected: \u2026/google/gson/blob/main/Troubleshooting.md#\u2026\nbut was : \u2026/google/gson/blob/master/Troubleshooting.md#\u2026\n   JsonReaderTest.testStrictNameValueSeparator:1007->assertStrictError:2071 value of: throwable.getMessage()\nexpected: \u2026/google/gson/blob/main/Troubleshooting.md#\u2026\nbut was : \u2026/google/gson/blob/master/Troubleshooting.md#\u2026\n   JsonReaderTest.testStrictNameValueSeparatorWithSkipValue:1045->assertStrictError:2071 value of: throwable.getMessage()\nexpected: \u2026/google/gson/blob/main/Troubleshooting.md#\u2026\nbut was : \u2026/google/gson/blob/master/Troubleshooting.md#\u2026\n   JsonReaderTest.testStrictNonExecutePrefix:1548->assertStrictError:2071 value of: throwable.getMessage()\nexpected: \u2026/google/gson/blob/main/Troubleshooting.md#\u2026\nbut was : \u2026/google/gson/blob/master/Troubleshooting.md#\u2026\n   JsonReaderTest.testStrictNonExecutePrefixWithSkipValue:1559->assertStrictError:2071 value of: throwable.getMessage()\nexpected: \u2026/google/gson/blob/main/Troubleshooting.md#\u2026\nbut was : \u2026/google/gson/blob/master/Troubleshooting.md#\u2026\n   JsonReaderTest.testStrictNonFiniteDoubles:457->assertStrictError:2071 value of: throwable.getMessage()\nexpected: \u2026/google/gson/blob/main/Troubleshooting.md#\u2026\nbut was : \u2026/google/gson/blob/master/Troubleshooting.md#\u2026\n   JsonReaderTest.testStrictNonFiniteDoublesWithSkipValue:508->assertStrictError:2071 value of: throwable.getMessage()\nexpected: \u2026/google/gson/blob/main/Troubleshooting.md#\u2026\nbut was : \u2026/google/gson/blob/master/Troubleshooting.md#\u2026\n   JsonReaderTest.testStrictQuotedNonFiniteDoubles:470 value of: throwable.getMessage()\nexpected: \u2026/google/gson/blob/main/Troubleshooting.md#\u2026\nbut was : \u2026/google/gson/blob/master/Troubleshooting.md#\u2026\n   JsonReaderTest.testStrictSemicolonDelimitedArray:1293->assertStrictError:2071 value of: throwable.getMessage()\nexpected: \u2026/google/gson/blob/main/Troubleshooting.md#\u2026\nbut was : \u2026/google/gson/blob/master/Troubleshooting.md#\u2026\n   JsonReaderTest.testStrictSemicolonDelimitedArrayWithSkipValue:1314->assertStrictError:2071 value of: throwable.getMessage()\nexpected: \u2026/google/gson/blob/main/Troubleshooting.md#\u2026\nbut was : \u2026/google/gson/blob/master/Troubleshooting.md#\u2026\n   JsonReaderTest.testStrictSemicolonDelimitedNameValuePair:1327->assertStrictError:2071 value of: throwable.getMessage()\nexpected: \u2026/google/gson/blob/main/Troubleshooting.md#\u2026\nbut was : \u2026/google/gson/blob/master/Troubleshooting.md#\u2026\n   JsonReaderTest.testStrictSemicolonDelimitedNameValuePairWithSkipValue:1350->assertStrictError:2071 value of: throwable.getMessage()\nexpected: \u2026/google/gson/blob/main/Troubleshooting.md#\u2026\nbut was : \u2026/google/gson/blob/master/Troubleshooting.md#\u2026\n   JsonReaderTest.testStrictSingleQuotedNames:1197->assertStrictError:2071 value of: throwable.getMessage()\nexpected: \u2026/google/gson/blob/main/Troubleshooting.md#\u2026\nbut was : \u2026/google/gson/blob/master/Troubleshooting.md#\u2026\n   JsonReaderTest.testStrictSingleQuotedNamesWithSkipValue:1217->assertStrictError:2071 value of: throwable.getMessage()\nexpected: \u2026/google/gson/blob/main/Troubleshooting.md#\u2026\nbut was : \u2026/google/gson/blob/master/Troubleshooting.md#\u2026\n   JsonReaderTest.testStrictSingleQuotedStrings:1261->assertStrictError:2071 value of: throwable.getMessage()\nexpected: \u2026/google/gson/blob/main/Troubleshooting.md#\u2026\nbut was : \u2026/google/gson/blob/master/Troubleshooting.md#\u2026\n   JsonReaderTest.testStrictSingleQuotedStringsWithSkipValue:1281->assertStrictError:2071 value of: throwable.getMessage()\nexpected: \u2026/google/gson/blob/main/Troubleshooting.md#\u2026\nbut was : \u2026/google/gson/blob/master/Troubleshooting.md#\u2026\n   JsonReaderTest.testStrictUnnecessaryArraySeparators:1363->assertStrictError:2071 value of: throwable.getMessage()\nexpected: \u2026/google/gson/blob/main/Troubleshooting.md#\u2026\nbut was : \u2026/google/gson/blob/master/Troubleshooting.md#\u2026\n   JsonReaderTest.testStrictUnnecessaryArraySeparatorsWithSkipValue:1436->assertStrictError:2071 value of: throwable.getMessage()\nexpected: \u2026/google/gson/blob/main/Troubleshooting.md#\u2026\nbut was : \u2026/google/gson/blob/master/Troubleshooting.md#\u2026\n   JsonReaderTest.testStrictUnquotedNames:1165->assertStrictError:2071 value of: throwable.getMessage()\nexpected: \u2026/google/gson/blob/main/Troubleshooting.md#\u2026\nbut was : \u2026/google/gson/blob/master/Troubleshooting.md#\u2026\n   JsonReaderTest.testStrictUnquotedNamesWithSkipValue:1185->assertStrictError:2071 value of: throwable.getMessage()\nexpected: \u2026/google/gson/blob/main/Troubleshooting.md#\u2026\nbut was : \u2026/google/gson/blob/master/Troubleshooting.md#\u2026\n   JsonReaderTest.testStrictUnquotedStrings:1229->assertStrictError:2071 value of: throwable.getMessage()\nexpected: \u2026/google/gson/blob/main/Troubleshooting.md#\u2026\nbut was : \u2026/google/gson/blob/master/Troubleshooting.md#\u2026\n   JsonReaderTest.testStrictUnquotedStringsWithSkipValue:1241->assertStrictError:2071 value of: throwable.getMessage()\nexpected: \u2026/google/gson/blob/main/Troubleshooting.md#\u2026\nbut was : \u2026/google/gson/blob/master/Troubleshooting.md#\u2026\n   JsonReaderTest.testStrictVeryLongNumber:1721->assertStrictError:2071 value of: throwable.getMessage()\nexpected: \u2026/google/gson/blob/main/Troubleshooting.md#\u2026\nbut was : \u2026/google/gson/blob/master/Troubleshooting.md#\u2026\n   JsonReaderTest.testStringEndingInSlash:1794 value of: throwable.getMessage()\nexpected: \u2026/google/gson/blob/main/Troubleshooting.md#\u2026\nbut was : \u2026/google/gson/blob/master/Troubleshooting.md#\u2026\n   JsonReaderTest.testStringNullIsNotNull:982->assertUnexpectedStructureError:2077 value of: throwable.getMessage()\nexpected: \u2026/google/gson/blob/main/Troubleshooting.md#\u2026\nbut was : \u2026/google/gson/blob/master/Troubleshooting.md#\u2026\n   JsonReaderTest.testStringWithLeadingSlash:1820 value of: throwable.getMessage()\nexpected: \u2026/google/gson/blob/main/Troubleshooting.md#\u2026\nbut was : \u2026/google/gson/blob/master/Troubleshooting.md#\u2026\n   JsonReaderTest.testUnescapingInvalidCharacters:362 value of: throwable.getMessage()\nexpected: \u2026/google/gson/blob/main/Troubleshooting.md#\u2026\nbut was : \u2026/google/gson/blob/master/Troubleshooting.md#\u2026\n   JsonReaderTest.testUnescapingTruncatedCharacters:376 value of: throwable.getMessage()\nexpected: \u2026/google/gson/blob/main/Troubleshooting.md#\u2026\nbut was : \u2026/google/gson/blob/master/Troubleshooting.md#\u2026\n   JsonReaderTest.testUnescapingTruncatedSequence:390 value of: throwable.getMessage()\nexpected: \u2026/google/gson/blob/main/Troubleshooting.md#\u2026\nbut was : \u2026/google/gson/blob/master/Troubleshooting.md#\u2026\n   JsonReaderTest.testUnterminatedObject:1836 value of: throwable.getMessage()\nexpected: \u2026/google/gson/blob/main/Troubleshooting.md#\u2026\nbut was : \u2026/google/gson/blob/master/Troubleshooting.md#\u2026\n   JsonReaderTest.testUnterminatedStringFailure:2049 value of: throwable.getMessage()\nexpected: \u2026/google/gson/blob/main/Troubleshooting.md#\u2026\nbut was : \u2026/google/gson/blob/master/Troubleshooting.md#\u2026",
  "google_gson-2420": "ConstructorConstructorTest.testGet_AbstractClassNoArgConstructor:49 value of:\n    throwable.getMessage()\nexpected:\n    Abstract classes can't be instantiated! Adjust the R8 configuration or register an InstanceCreator or a TypeAdapter for this type. Class name: com.google.gson.internal.ConstructorConstructorTest$AbstractClass\n    See https://github.com/google/gson/blob/main/Troubleshooting.md#r8-abstract-class\nbut was:\n    Abstract classes can't be instantiated! Register an InstanceCreator or a TypeAdapter for this type. Class name: com.google.gson.internal.ConstructorConstructorTest$AbstractClass",
  "jhy_jsoup-1648": "W3CDomTest.htmlInputDocMaintainsHtmlAttributeNames:202 expected: <<!DOCTYPE html SYSTEM \"about:legacy-compat\"><html><head><META http-equiv=\"Content-Type\" content=\"text/html; charset=UTF-8\"></head><body><p h\u00e0nh=\"1\" h\u00ecnh=\"2\">unicode attr names</p></body></html>> but was: <<!DOCTYPE html SYSTEM \"about:legacy-compat\"><html><head><META http-equiv=\"Content-Type\" content=\"text/html; charset=UTF-8\"></head><body><p hnh=\"2\">unicode attr names</p></body></html>>",
  "jhy_jsoup-1763": "SafelistTest.testCopyConstructor_noSideEffectOnAttributes:33 expected: <false> but was: <true>\n   SafelistTest.testCopyConstructor_noSideEffectOnEnforcedAttributes:43 expected: not equal but was: <invalidValue>\n   SafelistTest.testCopyConstructor_noSideEffectOnProtocols:61 expected: <false> but was: <true>",
  "jhy_jsoup-1848": "W3CDomTest.handlesInvalidAttributeNames:153 expected: <<?xml version=\"1.0\" encoding=\"UTF-8\"?><html xmlns=\"http://www.w3.org/1999/xhtml\"><head/><body name=\"\" style=\"color: red\"/></html>> but was: <<?xml version=\"1.0\" encoding=\"UTF-8\"?><html><head/><body name=\"\" style=\"color: red\"/></html>>\n   W3CDomTest.handlesInvalidTagAsText:187 expected: <<?xml version=\"1.0\" encoding=\"UTF-8\"?><html xmlns=\"http://www.w3.org/1999/xhtml\"><head/><body>&lt;\u30a4\u30f3\u30bb\u30f3\u30c6\u30a3\u30d6\u3067\u9ad8\u53ce\u5165\uff01&gt;Text <p>More</p></body></html>> but was: <<?xml version=\"1.0\" encoding=\"UTF-8\"?><html><head/><body>&lt;\u30a4\u30f3\u30bb\u30f3\u30c6\u30a3\u30d6\u3067\u9ad8\u53ce\u5165\uff01&gt;Text <p>More</p></body></html>>\n   W3CDomTest.htmlInputDocMaintainsHtmlAttributeNames:165 expected: <<!DOCTYPE html SYSTEM \"about:legacy-compat\"><html xmlns=\"http://www.w3.org/1999/xhtml\"><head><META http-equiv=\"Content-Type\" content=\"text/html; charset=UTF-8\"></head><body><p h\u00e0nh=\"1\" h\u00ecnh=\"2\">unicode attr names</p></body></html>> but was: <<!DOCTYPE html SYSTEM \"about:legacy-compat\"><html><head><META http-equiv=\"Content-Type\" content=\"text/html; charset=UTF-8\"></head><body><p h\u00e0nh=\"1\" h\u00ecnh=\"2\">unicode attr names</p></body></html>>\n   W3CDomTest.simpleConversion:65 expected: <<?xml version=\"1.0\" encoding=\"UTF-8\"?><html xmlns=\"http://www.w3.org/1999/xhtml\"><head><title>W3c</title></head><body><p class=\"one\" id=\"12\">Text</p><!-- comment --><invalid>What<script>alert('!')</script></invalid></body></html>> but was: <<?xml version=\"1.0\" encoding=\"UTF-8\"?><html><head><title>W3c</title></head><body><p class=\"one\" id=\"12\">Text</p><!-- comment --><invalid>What<script>alert('!')</script></invalid></body></html>>\n   W3CDomTest.testRoundTripDoctype:279->assertEqualsIgnoreCase:309 expected: <<!doctype html system \"about:legacy-compat\"><html xmlns=\"http://www.w3.org/1999/xhtml\"><head><meta http-equiv=\"content-type\" content=\"text/html; charset=utf-8\"></head><body><p>one</p></body></html>> but was: <<!doctype html system \"about:legacy-compat\"><html><head><meta http-equiv=\"content-type\" content=\"text/html; charset=utf-8\"></head><body><p>one</p></body></html>>\n   W3CDomTest.treatsUndeclaredNamespaceAsLocalName:198 expected: <http://www.w3.org/1999/xhtml> but was: <null>\n   W3CDomTest.xmlInputDocMaintainsHtmlAttributeNames:178 expected: <<!DOCTYPE html SYSTEM \"about:legacy-compat\"><html xmlns=\"http://www.w3.org/1999/xhtml\"><head><META http-equiv=\"Content-Type\" content=\"text/html; charset=UTF-8\"></head><body><p hnh=\"2\">unicode attr names coerced</p></body></html>> but was: <<!DOCTYPE html SYSTEM \"about:legacy-compat\"><html><head><META http-equiv=\"Content-Type\" content=\"text/html; charset=UTF-8\"></head><body><p hnh=\"2\">unicode attr names coerced</p></body></html>>",
  "jhy_jsoup-1871": "SafelistTest.testIsSafeAttribute:83 expected: <true> but was: <false>",
  "jhy_jsoup-1950": "HtmlParserTest.dropsDuplicateAttributes:58 expected: <<img one=\"One\" two=\"two\">> but was: <<img one=\"One\" one=\"Two\" two=\"two\" one=\"Three\" one=\"Four\" two=\"Five\">>\n   HtmlParserTest.dropsDuplicateAttributes:58 expected: <<form one=\"One\" two=\"two\"></form>> but was: <<form one=\"One\" one=\"Two\" two=\"two\" one=\"Three\" one=\"Four\" two=\"Five\"></form>>",
  "apache_rocketmq-4071": "Failed tests: \n  BatchConsumeQueueTest.testBuildAndSearchBatchConsumeQueuePerformance:164 expected:<199991> but was:<-1>",
  "apache_rocketmq-4457": "Tests in error: \n  PlainAccessValidatorTest.validateConsumeMessageBackTest:258 \u00bb Acl No default p...",
  "apache_rocketmq-4569": "Failed tests: \n  ConsumeQueueTest.testCorrectMinOffset:473 expected:<200000> but was:<199980>",
  "apache_rocketmq-4822": "Tests in error: \n  ChangeInvisibleTimeProcessorTest.testProcessRequest_Success:131 \u00bb NullPointerTests in error: \n  PopMessageProcessorTest.testProcessRequest_MsgWasRemoving:125 \u00bb NullPointer",
  "apache_rocketmq-4978": "",
  "apache_rocketmq-5286": "Failed tests: \n  NettyClientConfigTest.testChangeConfigBySystemProperty:64 expected:<[tru]e> but was:<[fals]e>",
  "apache_rocketmq-5475": "",
  "apache_rocketmq-6124": "Tests in error: \n  MetadataStoreTest.tearDown:60 \u00bb NullPointerTests in error: \n  TieredStoreMetricsManagerTest.tearDown:32 \u00bb NullPointerTests in error: \n  PosixFileSegmentTest.tearDown:52 \u00bb NullPointer",
  "apache_rocketmq-6184": "Failed tests: \n  PopMessageProcessorTest.testProcessRequest_whenTimerWheelIsFalse:149 \nExpecting actual not to be null",
  "apache_rocketmq-6618": "Tests in error: \n  ReplicasManagerTest.unnecessary Mockito stubbings \u00bb UnnecessaryStubbing \nUnnec...",
  "apache_rocketmq-6651": "Failed tests: \n  TieredMessageStoreTest.testGetMessageAsync:193 expected same:<GetMessageResult [status=MESSAGE_WAS_REMOVING, nextBeginOffset=0, minOffset=0, maxOffset=0, bufferTotalSize=0, messageCount=0, suggestPullingFromSlave=false]> was not:<GetMessageResult [status=OFFSET_OVERFLOW_BADLY, nextBeginOffset=0, minOffset=0, maxOffset=0, bufferTotalSize=0, messageCount=0, suggestPullingFromSlave=false]>",
  "apache_rocketmq-6786": "Failed tests: \n  HeartbeatSyncerTest.testSyncRemotingChannel:289 expected not same",
  "apache_rocketmq-6829": "Failed tests: \n  RouteActivityTest.testQueryFifoAssignment:213 expected:<2> but was:<1>",
  "apache_rocketmq-6864": "Failed tests: \n  ExpressionTest.testConstains_boolean_has:164->eval:849 expected:<[tru]e> but was:<[fals]e>",
  "apache_rocketmq-6909": "Failed tests: \n  ClusterTopicRouteServiceTest.testGetBrokerAddr:116 expected:<127.0.0.[2]:10911> but was:<127.0.0.[1]:10911>",
  "apache_rocketmq-6915": "Failed tests: \n  ExpressionTest.testContains_StartsWith_EndsWith_string_has_string:254->genExp:923 \nExpecting value to be true but was false expected:<[tru]e> but was:<[fals]e>",
  "apache_rocketmq-6958": "Tests in error: \n  ProxyProtocolTest.testProxyProtocol:70->requestThenAssertResponse:74 \u00bb RemotingSendRequest",
  "FasterXML_jackson-core-883": "BasicParserFilteringTest.testExcludeLastArrayInsideArray:764 expected:<[[][]]> but was:<[[][]>\n   BasicParserFilteringTest.testExcludeObjectAtTheEndOfArray:742 expected:<...t\":[{\"include\":true}[]}]> but was:<...t\":[{\"include\":true}[]>",
  "FasterXML_jackson-core-923": "ReadConstrainedTextBufferTest.appendCharArray:20 Expected java.lang.IllegalStateException to be thrown, but nothing was thrown.\n   ReadConstrainedTextBufferTest.appendSingle:38 Expected java.lang.IllegalStateException to be thrown, but nothing was thrown.\n   ReadConstrainedTextBufferTest.appendString:29 Expected java.lang.IllegalStateException to be thrown, but nothing was thrown.",
  "FasterXML_jackson-core-1053": "VersionTest.testCompareToSnapshotDifferent:68\n   VersionTest.testCompareWhenOnlyFirstHasSnapshot:76 expected:<-1> but was:<0>\n   VersionTest.testCompareWhenOnlySecondHasSnapshot:84 expected:<1> but was:<0>",
  "FasterXML_jackson-dataformat-xml-544": "XmlTextTest.testRawValue:95 expected:<<RawValue><[a>b</a]></RawValue>> but was:<<RawValue><[foo><a>b</a></foo]></RawValue>>XmlGeneratorTest.testRawCharArrayValueUnwrapped:237 expected:<<root>[value]</root>> but was:<<root>[<elem>value</elem>]</root>>\n   XmlGeneratorTest.testRawOffsetValueUnwrapped:219 expected:<<root>[value]</root>> but was:<<root>[<elem>value</elem>]</root>>\n   XmlGeneratorTest.testRawSimpleValueUnwrapped:201 expected:<<root>[value]</root>> but was:<<root>[<elem>value</elem>]</root>>",
  "OpenAPITools_openapi-generator-13164": "PythonClientTest.testRegexObjects:463 expected [true] but found [false]\n   PythonClientTest.testUuidExampleWorksEvenIfPatternIsDefined:468 \u00bb NullPointer",
  "OpenAPITools_openapi-generator-13580": "SpringCodegenTest.nonRequiredFieldShouldNotIncludeNotNullAnnotation_issue13365:1609->generateFiles:627 \u00bb Runtime Issues with the OpenAPI input. Possible causes: invalid/missing spec, malformed JSON/YAML files, etc.\n   SpringCodegenTest.requiredFieldShouldIncludeNotNullAnnotationWithBeanValidationTrue_issue13365:1632->generateFiles:627 \u00bb Runtime Issues with the OpenAPI input. Possible causes: invalid/missing spec, malformed JSON/YAML files, etc.\n   SpringCodegenTest.requiredFieldShouldIncludeNotNullAnnotation_issue13365:1580->generateFiles:627 \u00bb Runtime Issues with the OpenAPI input. Possible causes: invalid/missing spec, malformed JSON/YAML files, etc.",
  "OpenAPITools_openapi-generator-13936": "SpringCodegenTest.useBeanValidationGenerateAnnotationsForRequestBody_issue13932:1833 \u00bb Runtime Issues with the OpenAPI input. Possible causes: invalid/missing spec, malformed JSON/YAML files, etc.",
  "OpenAPITools_openapi-generator-13941": "SpringCodegenTest.requiredFieldShouldIncludeNotNullAnnotationJakarta_issue13365_issue13885:1547 \nExpecting ListFromStream:\n  [\"java.net.URI\",\n    \"java.util.Objects\",\n    \"com.fasterxml.jackson.annotation.JsonProperty\",\n    \"com.fasterxml.jackson.annotation.JsonCreator\",\n    \"java.time.OffsetDateTime\",\n    \"io.swagger.v3.oas.annotations.media.Schema\",\n    \"java.util\",\n    \"jakarta.annotation.Generated\"]\nto contain:\n  [\"jakarta.validation.constraints.NotNull\"]\nbut could not find the following element(s):\n  [\"jakarta.validation.constraints.NotNull\"]\n\n   SpringCodegenTest.requiredFieldShouldIncludeNotNullAnnotation_issue13365:1514 \nExpecting ListFromStream:\n  [\"java.net.URI\",\n    \"java.util.Objects\",\n    \"com.fasterxml.jackson.annotation.JsonProperty\",\n    \"com.fasterxml.jackson.annotation.JsonCreator\",\n    \"java.time.OffsetDateTime\",\n    \"io.swagger.v3.oas.annotations.media.Schema\",\n    \"java.util\",\n    \"javax.annotation.Generated\"]\nto contain:\n  [\"javax.validation.constraints.NotNull\"]\nbut could not find the following element(s):\n  [\"javax.validation.constraints.NotNull\"]",
  "OpenAPITools_openapi-generator-13962": "SpringCodegenTest.requiredFieldShouldIncludeNotNullAnnotationWithBeanValidationTrue_issue13365:1952 Should have annotation with name: javax.validation.constraints.Email\n   SpringCodegenTest.useBeanValidationTruePerformBeanValidationFalseJava8TrueForFormatEmail:824->beanValidationForFormatEmail:839->beanValidationForFormatEmail:875 File does not contain line [@javax.validation.constraints.Email] expected [true] but found [false]\n   SpringCodegenTest.useBeanValidationTruePerformBeanValidationFalseJava8TrueJakartaeeTrueForFormatEmail:834->beanValidationForFormatEmail:875 File does not contain line [@jakarta.validation.constraints.Email] expected [true] but found [false]\n   SpringCodegenTest.useBeanValidationTruePerformBeanValidationTrueJava8FalseForFormatEmail:829->beanValidationForFormatEmail:839->beanValidationForFormatEmail:875 File does not contain line [@javax.validation.constraints.Email] expected [true] but found [false]\n   SpringCodegenTest.useBeanValidationTruePerformBeanValidationTrueJava8TrueForFormatEmail:881->beanValidationForFormatEmail:839->beanValidationForFormatEmail:875 File does not contain line [@javax.validation.constraints.Email] expected [true] but found [false]",
  "OpenAPITools_openapi-generator-13996": "PythonClientTest.testSpecWithTooLowVersionThrowsException \u00bb Test \nMethod PythonClientTest.testSpecWithTooLowVersionThrowsException()[pri:0, instance:org.openapitools.codegen.python.PythonClientTest@6c0e13b7] should have thrown an exception of type class java.lang.RuntimeException",
  "OpenAPITools_openapi-generator-14081": "GoClientCodegenTest.verifyApiTestWithNullResponse:278 \u00bb NullPointer",
  "OpenAPITools_openapi-generator-14335": "GoClientCodegenTest.verifyReadOnlyAttributes:301 \u00bb NullPointer",
  "OpenAPITools_openapi-generator-14433": "DefaultGeneratorTest.testIgnoreFileProcessing:90 expected [false] but found [true]",
  "OpenAPITools_openapi-generator-14450": "SpringCodegenTest.testMultipartBoot:599 Expected to be a single method multipartMixed with parameter(s) [MultipartMixedStatus, MultipartFile, MultipartMixedRequestMarker, List<MultipartMixedStatus>], but found 0",
  "OpenAPITools_openapi-generator-14536": "DefaultCodegenTest.testMultipleSecuritySchemes:2556 expected [petstore_auth] but found [api_key]",
  "OpenAPITools_openapi-generator-14634": "StringHelpersTest.endsWithSectionalTest:96->evaluate:27 \u00bb Handlebars java.lang.IllegalArgumentException: could not find helper: 'endsWith'\n   StringHelpersTest.endsWithTest:110->evaluate:27 \u00bb Handlebars inline@2888d0c4:1:2: could not find helper: 'endsWith'\n{{endsWith asdf f}}\n  ^\n\n   StringHelpersTest.endsWithYesOverrideTest:130->evaluate:27 \u00bb Handlebars inline@45ee7729:1:2: could not find helper: 'endsWith'\n{{endsWith asdf f yes='y' no='n'}}\n  ^",
  "OpenAPITools_openapi-generator-14733": "JavaClientCodegenTest.testDiscriminatorWithMappingIssue14731:1792 \u00bb Runtime Issues with the OpenAPI input. Possible causes: invalid/missing spec, malformed JSON/YAML files, etc.\n   JavaClientCodegenTest.testDiscriminatorWithoutMappingIssue14731:1832 \u00bb Runtime Issues with the OpenAPI input. Possible causes: invalid/missing spec, malformed JSON/YAML files, etc.SpringCodegenTest.testDiscriminatorWithMappingIssue14731:1177 \u00bb Runtime Issues with the OpenAPI input. Possible causes: invalid/missing spec, malformed JSON/YAML files, etc.\n   SpringCodegenTest.testDiscriminatorWithoutMappingIssue14731:1216 \u00bb Runtime Issues with the OpenAPI input. Possible causes: invalid/missing spec, malformed JSON/YAML files, etc.",
  "OpenAPITools_openapi-generator-14768": "Swift5ClientCodegenTest.prefixExceptionTest:175 expected [AnyCodable] but found [APIAnyCodable]\n   Swift5ClientCodegenTest.suffixExceptionTest:184 expected [AnyCodable] but found [AnyCodableAPI]",
  "OpenAPITools_openapi-generator-14882": "DefaultCodegenTest.testAllOfDefaultEnumType:4307 \u00bb IndexOutOfBounds Index 4 out of bounds for length 4",
  "OpenAPITools_openapi-generator-14891": "DefaultCodegenTest.testAddUnsignedToIntegerWithInvalidMaxValue:4502 \u00bb NullPointer",
  "OpenAPITools_openapi-generator-15035": "DefaultCodegenTest.testAllOfDefaultEnumType:4587 \u00bb IndexOutOfBounds Index 5 out of bounds for length 5",
  "OpenAPITools_openapi-generator-15234": "SpringCodegenTest.testReturnTypeVoidWithResponseEntity_issue12341:2290 \u00bb NullPointer\n   SpringCodegenTest.testReturnTypeVoidWithoutResponseEntityWithDelegate_issue12341:2333 \u00bb NullPointer\n   SpringCodegenTest.testReturnTypeVoidWithoutResponseEntityWithoutDelegateWithAsync_issue12341:2377 \u00bb NullPointer\n   SpringCodegenTest.testReturnTypeVoidWithoutResponseEntityWithoutDelegateWithoutAsync_issue12341:2414 \u00bb NullPointer",
  "OpenAPITools_openapi-generator-15266": "SpringCodegenTest.testDoesNotHasRestControllerHaveController_issue15264:2486 \u00bb NullPointer\n   SpringCodegenTest.testHasRestControllerDoesNotHaveController_issue15264:2450 \u00bb NullPointer",
  "OpenAPITools_openapi-generator-15287": "JavaClientCodegenTest.testDeprecatedProperty:1996 \u00bb NullPointer",
  "OpenAPITools_openapi-generator-16033": "InlineModelResolverTest.resolveOperationInlineEnum:1137 NullPointer\n   InlineModelResolverTest.resolveOperationInlineEnumFormParameters:1155 NullPointer",
  "OpenAPITools_openapi-generator-16050": "DefaultCodegenTest.testInlineEnumType:4719 expected [false] but found [true]",
  "apache_dubbo-11179": "ReferenceConfigTest.testClassLoader:1132 expected: <null> but was: <sun.misc.Launcher$AppClassLoader@7f31245a>\n   ReferenceConfigTest.testDifferentClassLoaderRequest:1097 expected: <org.apache.dubbo.config.ReferenceConfigTest$TestClassLoader1@28b46423> but was: <org.apache.dubbo.config.ReferenceConfigTest$TestClassLoader2@60afd40d>",
  "apache_dubbo-11561": "SerializeSecurityConfiguratorTest.testGeneric \u00bb StackOverflow",
  "alibaba_nacos-8202": "ServerHttpAgentTest.testGetterAndSetter:62 expected:<[custom-aaa_8080_nacos_serverlist_]namespace1> but was:<[aaa-]namespace1>ClientWorkerTest.testShutdown:175 expected:<null> but was:<config_rpc_client>ServerListManagerTest.testStart:38 expected:<...env:custom-localhost[_0_nacos_serverlist], not connnect url:h...> but was:<...env:custom-localhost[-0], not connnect url:h...>",
  "alibaba_nacos-9024": "EncryptionHandlerTest.testCornerCaseDataIdAlgoParse:86 \u00bb IndexOutOfBounds Inde...",
  "alibaba_nacos-9080": "RpcClientTest.testHealthCheck:444 \nconnection.request(<any>, <any long>);\nWanted 4 times:\n-> at com.alibaba.nacos.common.remote.client.RpcClientTest.testHealthCheck(RpcClientTest.java:444)\nBut was 3 times:\n-> at com.alibaba.nacos.common.remote.client.RpcClient.healthCheck(RpcClient.java:475)\n-> at com.alibaba.nacos.common.remote.client.RpcClient.healthCheck(RpcClient.java:475)\n-> at com.alibaba.nacos.common.remote.client.RpcClient.healthCheck(RpcClient.java:475)",
  "alibaba_nacos-9239": "ConnectionBasedClientTest.testRecalculateRevision:58 expected:<1> but was:<0>\n   ConnectionBasedClientTest.testRecalculateRevisionAsync:73 expected:<100> but was:<0>",
  "alibaba_nacos-10755": "ConfigInfoMapperByDerbyTest.testFindChangeConfig:163 expected:<SELECT [data_id, group_id, tenant_id, app_name, content, gmt_modified, encrypted_data_key FROM config_info WHERE gmt_modified >= ? AND gmt_modified <= ?]> but was:<SELECT [id, data_id, group_id, tenant_id, app_name, content, gmt_modified, encrypted_data_key FROM config_info WHERE gmt_modified >= ? and id > ? order by id  limit ? ]>HistoryConfigInfoMapperByDerbyTest.testFindDeletedConfig:79 expected:<SELECT [DISTINCT data_id, group_id, tenant_id FROM his_config_info WHERE op_type = 'D' AND gmt_modified >= ? AND gmt_modified <= ?]> but was:<SELECT [data_id, group_id, tenant_id,gmt_modified,nid FROM his_config_info WHERE op_type = 'D' AND gmt_modified >= ? and nid > ? order by nid limit ? ]>ConfigInfoMapperByMySqlTest.testFindChangeConfig:162 expected:<SELECT [data_id, group_id, tenant_id, app_name, content, gmt_modified, encrypted_data_key FROM config_info WHERE gmt_modified >= ? AND gmt_modified <= ?]> but was:<SELECT [id, data_id, group_id, tenant_id, app_name, content, gmt_modified, encrypted_data_key FROM config_info WHERE gmt_modified >= ? and id > ? order by id  limit ? ]>HistoryConfigInfoMapperByMySqlTest.testFindDeletedConfig:76 expected:<SELECT [DISTINCT data_id, group_id, tenant_id FROM his_config_info WHERE op_type = 'D' AND gmt_modified >= ? AND gmt_modified <= ?]> but was:<SELECT [data_id, group_id, tenant_id,gmt_modified,nid FROM his_config_info WHERE op_type = 'D' AND gmt_modified >= ? and nid > ? order by nid limit ? ]>",
  "seata_seata-4056": "DurationUtilTest.testParseThrowException:56 Expected java.lang.UnsupportedOperationException to be thrown, but nothing was thrown.\n Errors: \n   DurationUtilTest.testParse:35 \u00bb UnsupportedOperation P2D can't parse to durati...",
  "seata_seata-5120": "CorePropertiesTest.testRegistryCustomProperties:152 expected: <null> but was: <>\n   CorePropertiesTest.testRegistryNacosProperties:108 expected: <null> but was: <>\n   CorePropertiesTest.testRegistryRedisProperties:126 expected: <null> but was: <>",
  "square_retrofit-3759": "retrofit2.RequestFactoryTest > headerMapMustBeAMapOrHeaders FAILED\n    java.lang.AssertionError: \n    Expecting message to be:\n      <\"@HeaderMap parameter type must be Map or Headers. (parameter #2)\n        for method Example.method\">\n    but was:\n      <\"@HeaderMap parameter type must be Map. (parameter #2)\n        for method Example.method\">",
  "iBotPeaches_Apktool-3113": "brut.androlib.androlib.InvalidSdkBoundingTest > checkForSdkDevelopmentInsaneTestValue FAILED\n    java.lang.NumberFormatException: For input string: \"VANILLAICECREAM\"\n        at java.base/java.lang.NumberFormatException.forInputString(NumberFormatException.java:67)\n        at java.base/java.lang.Integer.parseInt(Integer.java:668)\n        at java.base/java.lang.Integer.parseInt(Integer.java:786)\n        at brut.androlib.res.AndrolibResources.mapSdkShorthandToVersion(AndrolibResources.java:704)\n        at brut.androlib.res.AndrolibResources.checkTargetSdkVersionBounds(AndrolibResources.java:326)\n        at brut.androlib.androlib.InvalidSdkBoundingTest.checkForSdkDevelopmentInsaneTestValue(InvalidSdkBoundingTest.java:107)\nFinished generating test XML results (0.0 secs) into: /root/framework/testing/brut.apktool/apktool-lib/build/test-results/test\nGenerating HTML test report..."
}